  [4;36;1mSQL (0.1ms)[0m   [0;1mSET SQL_AUTO_IS_NULL=0[0m
  [4;35;1mSQL (0.3ms)[0m   [0mSHOW TABLES[0m
  [4;36;1mSQL (132.2ms)[0m   [0;1mCREATE TABLE `schema_migrations` (`version` varchar(255) NOT NULL) ENGINE=InnoDB[0m
  [4;35;1mSQL (235.8ms)[0m   [0mCREATE UNIQUE INDEX `unique_schema_migrations` ON `schema_migrations` (`version`)[0m
  [4;36;1mSQL (0.3ms)[0m   [0;1mSHOW TABLES[0m
  [4;35;1mSQL (0.4ms)[0m   [0mSELECT version FROM schema_migrations[0m
Migrating to CreateProducts (20101026014115)
  [4;36;1mSQL (130.7ms)[0m   [0;1mCREATE TABLE `products` (`id` int(11) DEFAULT NULL auto_increment PRIMARY KEY, `title` varchar(255), `description` text, `image_url` varchar(255), `created_at` datetime, `updated_at` datetime) ENGINE=InnoDB[0m
  [4;35;1mSQL (44.4ms)[0m   [0mINSERT INTO schema_migrations (version) VALUES ('20101026014115')[0m
  [4;36;1mSQL (0.4ms)[0m   [0;1mSHOW TABLES[0m
  [4;35;1mSQL (0.2ms)[0m   [0mSELECT version FROM schema_migrations[0m
  [4;36;1mSQL (0.3ms)[0m   [0;1mSHOW TABLES[0m
  [4;35;1mSQL (0.8ms)[0m   [0mSHOW FIELDS FROM `products`[0m
  [4;36;1mSQL (0.7ms)[0m   [0;1mdescribe `products`[0m
  [4;35;1mSQL (0.3ms)[0m   [0mSHOW KEYS FROM `products`[0m


Processing ProductsController#index (for 127.0.0.1 at 2010-10-26 10:42:43) [GET]
  [4;36;1mSQL (0.1ms)[0m   [0;1mSET SQL_AUTO_IS_NULL=0[0m
  [4;35;1mProduct Load (0.4ms)[0m   [0mSELECT * FROM `products` [0m
Rendering template within layouts/products
Rendering products/index
Completed in 11ms (View: 5, DB: 1) | 200 OK [http://localhost/products/]


Processing ProductsController#new (for 127.0.0.1 at 2010-10-26 10:42:44) [GET]
  [4;36;1mSQL (0.1ms)[0m   [0;1mSET SQL_AUTO_IS_NULL=0[0m
  [4;35;1mProduct Columns (0.8ms)[0m   [0mSHOW FIELDS FROM `products`[0m
Rendering template within layouts/products
Rendering products/new
Completed in 15ms (View: 8, DB: 1) | 200 OK [http://localhost/products/new]


Processing ProductsController#show (for 127.0.0.1 at 2010-10-26 10:43:41) [GET]
  Parameters: {"id"=>"show"}
  [4;36;1mSQL (0.1ms)[0m   [0;1mSET SQL_AUTO_IS_NULL=0[0m
  [4;35;1mProduct Columns (1.4ms)[0m   [0mSHOW FIELDS FROM `products`[0m
  [4;36;1mProduct Load (0.3ms)[0m   [0;1mSELECT * FROM `products` WHERE (`products`.`id` = 0) [0m


ActiveRecord::RecordNotFound (Couldn't find Product with ID=show):
    /home/welcome/.rvm/gems/ruby-1.8.7-p302@rails222/gems/activerecord-2.2.2/lib/active_record/base.rb:1528:in `find_one'
    /home/welcome/.rvm/gems/ruby-1.8.7-p302@rails222/gems/activerecord-2.2.2/lib/active_record/base.rb:1511:in `find_from_ids'
    /home/welcome/.rvm/gems/ruby-1.8.7-p302@rails222/gems/activerecord-2.2.2/lib/active_record/base.rb:590:in `find'
    /app/controllers/products_controller.rb:16:in `show'
    /home/welcome/.rvm/gems/ruby-1.8.7-p302@rails222/gems/actionpack-2.2.2/lib/action_controller/base.rb:1253:in `send'
    /home/welcome/.rvm/gems/ruby-1.8.7-p302@rails222/gems/actionpack-2.2.2/lib/action_controller/base.rb:1253:in `perform_action_without_filters'
    /home/welcome/.rvm/gems/ruby-1.8.7-p302@rails222/gems/actionpack-2.2.2/lib/action_controller/filters.rb:617:in `call_filters'
    /home/welcome/.rvm/gems/ruby-1.8.7-p302@rails222/gems/actionpack-2.2.2/lib/action_controller/filters.rb:610:in `perform_action_without_benchmark'
    /home/welcome/.rvm/gems/ruby-1.8.7-p302@rails222/gems/actionpack-2.2.2/lib/action_controller/benchmarking.rb:68:in `perform_action_without_rescue'
    /home/welcome/.rvm/rubies/ruby-1.8.7-p302/lib/ruby/1.8/benchmark.rb:293:in `measure'
    /home/welcome/.rvm/gems/ruby-1.8.7-p302@rails222/gems/actionpack-2.2.2/lib/action_controller/benchmarking.rb:68:in `perform_action_without_rescue'
    /home/welcome/.rvm/gems/ruby-1.8.7-p302@rails222/gems/actionpack-2.2.2/lib/action_controller/rescue.rb:136:in `perform_action_without_caching'
    /home/welcome/.rvm/gems/ruby-1.8.7-p302@rails222/gems/actionpack-2.2.2/lib/action_controller/caching/sql_cache.rb:13:in `perform_action'
    /home/welcome/.rvm/gems/ruby-1.8.7-p302@rails222/gems/activerecord-2.2.2/lib/active_record/connection_adapters/abstract/query_cache.rb:34:in `cache'
    /home/welcome/.rvm/gems/ruby-1.8.7-p302@rails222/gems/activerecord-2.2.2/lib/active_record/query_cache.rb:8:in `cache'
    /home/welcome/.rvm/gems/ruby-1.8.7-p302@rails222/gems/actionpack-2.2.2/lib/action_controller/caching/sql_cache.rb:12:in `perform_action'
    /home/welcome/.rvm/gems/ruby-1.8.7-p302@rails222/gems/actionpack-2.2.2/lib/action_controller/base.rb:524:in `send'
    /home/welcome/.rvm/gems/ruby-1.8.7-p302@rails222/gems/actionpack-2.2.2/lib/action_controller/base.rb:524:in `process_without_filters'
    /home/welcome/.rvm/gems/ruby-1.8.7-p302@rails222/gems/actionpack-2.2.2/lib/action_controller/filters.rb:606:in `process_without_session_management_support'
    /home/welcome/.rvm/gems/ruby-1.8.7-p302@rails222/gems/actionpack-2.2.2/lib/action_controller/session_management.rb:134:in `process'
    /home/welcome/.rvm/gems/ruby-1.8.7-p302@rails222/gems/actionpack-2.2.2/lib/action_controller/base.rb:392:in `process'
    /home/welcome/.rvm/gems/ruby-1.8.7-p302@rails222/gems/actionpack-2.2.2/lib/action_controller/dispatcher.rb:183:in `handle_request'
    /home/welcome/.rvm/gems/ruby-1.8.7-p302@rails222/gems/actionpack-2.2.2/lib/action_controller/dispatcher.rb:110:in `dispatch_unlocked'
    /home/welcome/.rvm/gems/ruby-1.8.7-p302@rails222/gems/actionpack-2.2.2/lib/action_controller/dispatcher.rb:123:in `dispatch'
    /home/welcome/.rvm/gems/ruby-1.8.7-p302@rails222/gems/actionpack-2.2.2/lib/action_controller/dispatcher.rb:122:in `synchronize'
    /home/welcome/.rvm/gems/ruby-1.8.7-p302@rails222/gems/actionpack-2.2.2/lib/action_controller/dispatcher.rb:122:in `dispatch'
    /home/welcome/.rvm/gems/ruby-1.8.7-p302@rails222/gems/actionpack-2.2.2/lib/action_controller/dispatcher.rb:132:in `dispatch_cgi'
    /home/welcome/.rvm/gems/ruby-1.8.7-p302@rails222/gems/actionpack-2.2.2/lib/action_controller/dispatcher.rb:39:in `dispatch'
    /home/welcome/.rvm/gems/ruby-1.8.7-p302@rails222/gems/rails-2.2.2/lib/webrick_server.rb:103:in `handle_dispatch'
    /home/welcome/.rvm/gems/ruby-1.8.7-p302@rails222/gems/rails-2.2.2/lib/webrick_server.rb:74:in `service'
    /home/welcome/.rvm/rubies/ruby-1.8.7-p302/lib/ruby/1.8/webrick/httpserver.rb:104:in `service'
    /home/welcome/.rvm/rubies/ruby-1.8.7-p302/lib/ruby/1.8/webrick/httpserver.rb:65:in `run'
    /home/welcome/.rvm/rubies/ruby-1.8.7-p302/lib/ruby/1.8/webrick/server.rb:173:in `start_thread'
    /home/welcome/.rvm/rubies/ruby-1.8.7-p302/lib/ruby/1.8/webrick/server.rb:162:in `start'
    /home/welcome/.rvm/rubies/ruby-1.8.7-p302/lib/ruby/1.8/webrick/server.rb:162:in `start_thread'
    /home/welcome/.rvm/rubies/ruby-1.8.7-p302/lib/ruby/1.8/webrick/server.rb:95:in `start'
    /home/welcome/.rvm/rubies/ruby-1.8.7-p302/lib/ruby/1.8/webrick/server.rb:92:in `each'
    /home/welcome/.rvm/rubies/ruby-1.8.7-p302/lib/ruby/1.8/webrick/server.rb:92:in `start'
    /home/welcome/.rvm/rubies/ruby-1.8.7-p302/lib/ruby/1.8/webrick/server.rb:23:in `start'
    /home/welcome/.rvm/rubies/ruby-1.8.7-p302/lib/ruby/1.8/webrick/server.rb:82:in `start'
    /home/welcome/.rvm/gems/ruby-1.8.7-p302@rails222/gems/rails-2.2.2/lib/webrick_server.rb:60:in `dispatch'
    /home/welcome/.rvm/gems/ruby-1.8.7-p302@rails222/gems/rails-2.2.2/lib/commands/servers/webrick.rb:66
    /home/welcome/.rvm/rubies/ruby-1.8.7-p302/lib/ruby/site_ruby/1.8/rubygems/custom_require.rb:31:in `gem_original_require'
    /home/welcome/.rvm/rubies/ruby-1.8.7-p302/lib/ruby/site_ruby/1.8/rubygems/custom_require.rb:31:in `require'
    /home/welcome/.rvm/gems/ruby-1.8.7-p302@rails222/gems/activesupport-2.2.2/lib/active_support/dependencies.rb:153:in `require'
    /home/welcome/.rvm/gems/ruby-1.8.7-p302@rails222/gems/activesupport-2.2.2/lib/active_support/dependencies.rb:521:in `new_constants_in'
    /home/welcome/.rvm/gems/ruby-1.8.7-p302@rails222/gems/activesupport-2.2.2/lib/active_support/dependencies.rb:153:in `require'
    /home/welcome/.rvm/gems/ruby-1.8.7-p302@rails222/gems/rails-2.2.2/lib/commands/server.rb:49
    /home/welcome/.rvm/rubies/ruby-1.8.7-p302/lib/ruby/site_ruby/1.8/rubygems/custom_require.rb:31:in `gem_original_require'
    /home/welcome/.rvm/rubies/ruby-1.8.7-p302/lib/ruby/site_ruby/1.8/rubygems/custom_require.rb:31:in `require'
    script/server:3

Rendered /home/welcome/.rvm/gems/ruby-1.8.7-p302@rails222/gems/actionpack-2.2.2/lib/action_controller/templates/rescues/_trace (50.4ms)
Rendered /home/welcome/.rvm/gems/ruby-1.8.7-p302@rails222/gems/actionpack-2.2.2/lib/action_controller/templates/rescues/_request_and_response (0.9ms)
Rendering /home/welcome/.rvm/gems/ruby-1.8.7-p302@rails222/gems/actionpack-2.2.2/lib/action_controller/templates/rescues/layout.erb (not_found)


Processing ProductsController#create (for 127.0.0.1 at 2010-10-26 10:43:45) [POST]
  Parameters: {"commit"=>"Create", "authenticity_token"=>"1fd22dfb0a87472faaa46a6a5bd2da8dbfbbb158", "product"=>{"image_url"=>"1", "title"=>"1", "description"=>"1"}}
  [4;35;1mSQL (0.1ms)[0m   [0mSET SQL_AUTO_IS_NULL=0[0m
  [4;36;1mProduct Columns (1.3ms)[0m   [0;1mSHOW FIELDS FROM `products`[0m
  [4;35;1mSQL (0.1ms)[0m   [0mBEGIN[0m
  [4;36;1mProduct Create (0.3ms)[0m   [0;1mINSERT INTO `products` (`created_at`, `title`, `image_url`, `updated_at`, `description`) VALUES('2010-10-26 01:43:45', '1', '1', '2010-10-26 01:43:45', '1')[0m
  [4;35;1mSQL (73.6ms)[0m   [0mCOMMIT[0m
Redirected to #<Product:0xb6c8a918>
Completed in 90ms (DB: 75) | 302 Found [http://localhost/products]


Processing ProductsController#show (for 127.0.0.1 at 2010-10-26 10:43:45) [GET]
  Parameters: {"id"=>"1"}
  [4;36;1mSQL (0.1ms)[0m   [0;1mSET SQL_AUTO_IS_NULL=0[0m
  [4;35;1mProduct Columns (0.8ms)[0m   [0mSHOW FIELDS FROM `products`[0m
  [4;36;1mProduct Load (0.4ms)[0m   [0;1mSELECT * FROM `products` WHERE (`products`.`id` = 1) [0m
Rendering template within layouts/products
Rendering products/show
Completed in 12ms (View: 5, DB: 1) | 200 OK [http://localhost/products/1]


Processing ProductsController#show (for 127.0.0.1 at 2010-10-26 10:43:51) [GET]
  Parameters: {"id"=>"show"}
  [4;35;1mSQL (0.1ms)[0m   [0mSET SQL_AUTO_IS_NULL=0[0m
  [4;36;1mProduct Columns (0.8ms)[0m   [0;1mSHOW FIELDS FROM `products`[0m
  [4;35;1mProduct Load (0.3ms)[0m   [0mSELECT * FROM `products` WHERE (`products`.`id` = 0) [0m


ActiveRecord::RecordNotFound (Couldn't find Product with ID=show):
    /home/welcome/.rvm/gems/ruby-1.8.7-p302@rails222/gems/activerecord-2.2.2/lib/active_record/base.rb:1528:in `find_one'
    /home/welcome/.rvm/gems/ruby-1.8.7-p302@rails222/gems/activerecord-2.2.2/lib/active_record/base.rb:1511:in `find_from_ids'
    /home/welcome/.rvm/gems/ruby-1.8.7-p302@rails222/gems/activerecord-2.2.2/lib/active_record/base.rb:590:in `find'
    /app/controllers/products_controller.rb:16:in `show'
    /home/welcome/.rvm/gems/ruby-1.8.7-p302@rails222/gems/actionpack-2.2.2/lib/action_controller/base.rb:1253:in `send'
    /home/welcome/.rvm/gems/ruby-1.8.7-p302@rails222/gems/actionpack-2.2.2/lib/action_controller/base.rb:1253:in `perform_action_without_filters'
    /home/welcome/.rvm/gems/ruby-1.8.7-p302@rails222/gems/actionpack-2.2.2/lib/action_controller/filters.rb:617:in `call_filters'
    /home/welcome/.rvm/gems/ruby-1.8.7-p302@rails222/gems/actionpack-2.2.2/lib/action_controller/filters.rb:610:in `perform_action_without_benchmark'
    /home/welcome/.rvm/gems/ruby-1.8.7-p302@rails222/gems/actionpack-2.2.2/lib/action_controller/benchmarking.rb:68:in `perform_action_without_rescue'
    /home/welcome/.rvm/rubies/ruby-1.8.7-p302/lib/ruby/1.8/benchmark.rb:293:in `measure'
    /home/welcome/.rvm/gems/ruby-1.8.7-p302@rails222/gems/actionpack-2.2.2/lib/action_controller/benchmarking.rb:68:in `perform_action_without_rescue'
    /home/welcome/.rvm/gems/ruby-1.8.7-p302@rails222/gems/actionpack-2.2.2/lib/action_controller/rescue.rb:136:in `perform_action_without_caching'
    /home/welcome/.rvm/gems/ruby-1.8.7-p302@rails222/gems/actionpack-2.2.2/lib/action_controller/caching/sql_cache.rb:13:in `perform_action'
    /home/welcome/.rvm/gems/ruby-1.8.7-p302@rails222/gems/activerecord-2.2.2/lib/active_record/connection_adapters/abstract/query_cache.rb:34:in `cache'
    /home/welcome/.rvm/gems/ruby-1.8.7-p302@rails222/gems/activerecord-2.2.2/lib/active_record/query_cache.rb:8:in `cache'
    /home/welcome/.rvm/gems/ruby-1.8.7-p302@rails222/gems/actionpack-2.2.2/lib/action_controller/caching/sql_cache.rb:12:in `perform_action'
    /home/welcome/.rvm/gems/ruby-1.8.7-p302@rails222/gems/actionpack-2.2.2/lib/action_controller/base.rb:524:in `send'
    /home/welcome/.rvm/gems/ruby-1.8.7-p302@rails222/gems/actionpack-2.2.2/lib/action_controller/base.rb:524:in `process_without_filters'
    /home/welcome/.rvm/gems/ruby-1.8.7-p302@rails222/gems/actionpack-2.2.2/lib/action_controller/filters.rb:606:in `process_without_session_management_support'
    /home/welcome/.rvm/gems/ruby-1.8.7-p302@rails222/gems/actionpack-2.2.2/lib/action_controller/session_management.rb:134:in `process'
    /home/welcome/.rvm/gems/ruby-1.8.7-p302@rails222/gems/actionpack-2.2.2/lib/action_controller/base.rb:392:in `process'
    /home/welcome/.rvm/gems/ruby-1.8.7-p302@rails222/gems/actionpack-2.2.2/lib/action_controller/dispatcher.rb:183:in `handle_request'
    /home/welcome/.rvm/gems/ruby-1.8.7-p302@rails222/gems/actionpack-2.2.2/lib/action_controller/dispatcher.rb:110:in `dispatch_unlocked'
    /home/welcome/.rvm/gems/ruby-1.8.7-p302@rails222/gems/actionpack-2.2.2/lib/action_controller/dispatcher.rb:123:in `dispatch'
    /home/welcome/.rvm/gems/ruby-1.8.7-p302@rails222/gems/actionpack-2.2.2/lib/action_controller/dispatcher.rb:122:in `synchronize'
    /home/welcome/.rvm/gems/ruby-1.8.7-p302@rails222/gems/actionpack-2.2.2/lib/action_controller/dispatcher.rb:122:in `dispatch'
    /home/welcome/.rvm/gems/ruby-1.8.7-p302@rails222/gems/actionpack-2.2.2/lib/action_controller/dispatcher.rb:132:in `dispatch_cgi'
    /home/welcome/.rvm/gems/ruby-1.8.7-p302@rails222/gems/actionpack-2.2.2/lib/action_controller/dispatcher.rb:39:in `dispatch'
    /home/welcome/.rvm/gems/ruby-1.8.7-p302@rails222/gems/rails-2.2.2/lib/webrick_server.rb:103:in `handle_dispatch'
    /home/welcome/.rvm/gems/ruby-1.8.7-p302@rails222/gems/rails-2.2.2/lib/webrick_server.rb:74:in `service'
    /home/welcome/.rvm/rubies/ruby-1.8.7-p302/lib/ruby/1.8/webrick/httpserver.rb:104:in `service'
    /home/welcome/.rvm/rubies/ruby-1.8.7-p302/lib/ruby/1.8/webrick/httpserver.rb:65:in `run'
    /home/welcome/.rvm/rubies/ruby-1.8.7-p302/lib/ruby/1.8/webrick/server.rb:173:in `start_thread'
    /home/welcome/.rvm/rubies/ruby-1.8.7-p302/lib/ruby/1.8/webrick/server.rb:162:in `start'
    /home/welcome/.rvm/rubies/ruby-1.8.7-p302/lib/ruby/1.8/webrick/server.rb:162:in `start_thread'
    /home/welcome/.rvm/rubies/ruby-1.8.7-p302/lib/ruby/1.8/webrick/server.rb:95:in `start'
    /home/welcome/.rvm/rubies/ruby-1.8.7-p302/lib/ruby/1.8/webrick/server.rb:92:in `each'
    /home/welcome/.rvm/rubies/ruby-1.8.7-p302/lib/ruby/1.8/webrick/server.rb:92:in `start'
    /home/welcome/.rvm/rubies/ruby-1.8.7-p302/lib/ruby/1.8/webrick/server.rb:23:in `start'
    /home/welcome/.rvm/rubies/ruby-1.8.7-p302/lib/ruby/1.8/webrick/server.rb:82:in `start'
    /home/welcome/.rvm/gems/ruby-1.8.7-p302@rails222/gems/rails-2.2.2/lib/webrick_server.rb:60:in `dispatch'
    /home/welcome/.rvm/gems/ruby-1.8.7-p302@rails222/gems/rails-2.2.2/lib/commands/servers/webrick.rb:66
    /home/welcome/.rvm/rubies/ruby-1.8.7-p302/lib/ruby/site_ruby/1.8/rubygems/custom_require.rb:31:in `gem_original_require'
    /home/welcome/.rvm/rubies/ruby-1.8.7-p302/lib/ruby/site_ruby/1.8/rubygems/custom_require.rb:31:in `require'
    /home/welcome/.rvm/gems/ruby-1.8.7-p302@rails222/gems/activesupport-2.2.2/lib/active_support/dependencies.rb:153:in `require'
    /home/welcome/.rvm/gems/ruby-1.8.7-p302@rails222/gems/activesupport-2.2.2/lib/active_support/dependencies.rb:521:in `new_constants_in'
    /home/welcome/.rvm/gems/ruby-1.8.7-p302@rails222/gems/activesupport-2.2.2/lib/active_support/dependencies.rb:153:in `require'
    /home/welcome/.rvm/gems/ruby-1.8.7-p302@rails222/gems/rails-2.2.2/lib/commands/server.rb:49
    /home/welcome/.rvm/rubies/ruby-1.8.7-p302/lib/ruby/site_ruby/1.8/rubygems/custom_require.rb:31:in `gem_original_require'
    /home/welcome/.rvm/rubies/ruby-1.8.7-p302/lib/ruby/site_ruby/1.8/rubygems/custom_require.rb:31:in `require'
    script/server:3

Rendered /home/welcome/.rvm/gems/ruby-1.8.7-p302@rails222/gems/actionpack-2.2.2/lib/action_controller/templates/rescues/_trace (48.2ms)
Rendered /home/welcome/.rvm/gems/ruby-1.8.7-p302@rails222/gems/actionpack-2.2.2/lib/action_controller/templates/rescues/_request_and_response (0.8ms)
Rendering /home/welcome/.rvm/gems/ruby-1.8.7-p302@rails222/gems/actionpack-2.2.2/lib/action_controller/templates/rescues/layout.erb (not_found)


Processing ProductsController#show (for 127.0.0.1 at 2010-10-26 10:46:37) [GET]
  Parameters: {"id"=>"show"}
  [4;36;1mSQL (0.1ms)[0m   [0;1mSET SQL_AUTO_IS_NULL=0[0m
  [4;35;1mProduct Columns (0.8ms)[0m   [0mSHOW FIELDS FROM `products`[0m
  [4;36;1mProduct Load (0.1ms)[0m   [0;1mSELECT * FROM `products` WHERE (`products`.`id` = 0) [0m


ActiveRecord::RecordNotFound (Couldn't find Product with ID=show):
    /home/welcome/.rvm/gems/ruby-1.8.7-p302@rails222/gems/activerecord-2.2.2/lib/active_record/base.rb:1528:in `find_one'
    /home/welcome/.rvm/gems/ruby-1.8.7-p302@rails222/gems/activerecord-2.2.2/lib/active_record/base.rb:1511:in `find_from_ids'
    /home/welcome/.rvm/gems/ruby-1.8.7-p302@rails222/gems/activerecord-2.2.2/lib/active_record/base.rb:590:in `find'
    /app/controllers/products_controller.rb:16:in `show'
    /home/welcome/.rvm/gems/ruby-1.8.7-p302@rails222/gems/actionpack-2.2.2/lib/action_controller/base.rb:1253:in `send'
    /home/welcome/.rvm/gems/ruby-1.8.7-p302@rails222/gems/actionpack-2.2.2/lib/action_controller/base.rb:1253:in `perform_action_without_filters'
    /home/welcome/.rvm/gems/ruby-1.8.7-p302@rails222/gems/actionpack-2.2.2/lib/action_controller/filters.rb:617:in `call_filters'
    /home/welcome/.rvm/gems/ruby-1.8.7-p302@rails222/gems/actionpack-2.2.2/lib/action_controller/filters.rb:610:in `perform_action_without_benchmark'
    /home/welcome/.rvm/gems/ruby-1.8.7-p302@rails222/gems/actionpack-2.2.2/lib/action_controller/benchmarking.rb:68:in `perform_action_without_rescue'
    /home/welcome/.rvm/rubies/ruby-1.8.7-p302/lib/ruby/1.8/benchmark.rb:293:in `measure'
    /home/welcome/.rvm/gems/ruby-1.8.7-p302@rails222/gems/actionpack-2.2.2/lib/action_controller/benchmarking.rb:68:in `perform_action_without_rescue'
    /home/welcome/.rvm/gems/ruby-1.8.7-p302@rails222/gems/actionpack-2.2.2/lib/action_controller/rescue.rb:136:in `perform_action_without_caching'
    /home/welcome/.rvm/gems/ruby-1.8.7-p302@rails222/gems/actionpack-2.2.2/lib/action_controller/caching/sql_cache.rb:13:in `perform_action'
    /home/welcome/.rvm/gems/ruby-1.8.7-p302@rails222/gems/activerecord-2.2.2/lib/active_record/connection_adapters/abstract/query_cache.rb:34:in `cache'
    /home/welcome/.rvm/gems/ruby-1.8.7-p302@rails222/gems/activerecord-2.2.2/lib/active_record/query_cache.rb:8:in `cache'
    /home/welcome/.rvm/gems/ruby-1.8.7-p302@rails222/gems/actionpack-2.2.2/lib/action_controller/caching/sql_cache.rb:12:in `perform_action'
    /home/welcome/.rvm/gems/ruby-1.8.7-p302@rails222/gems/actionpack-2.2.2/lib/action_controller/base.rb:524:in `send'
    /home/welcome/.rvm/gems/ruby-1.8.7-p302@rails222/gems/actionpack-2.2.2/lib/action_controller/base.rb:524:in `process_without_filters'
    /home/welcome/.rvm/gems/ruby-1.8.7-p302@rails222/gems/actionpack-2.2.2/lib/action_controller/filters.rb:606:in `process_without_session_management_support'
    /home/welcome/.rvm/gems/ruby-1.8.7-p302@rails222/gems/actionpack-2.2.2/lib/action_controller/session_management.rb:134:in `process'
    /home/welcome/.rvm/gems/ruby-1.8.7-p302@rails222/gems/actionpack-2.2.2/lib/action_controller/base.rb:392:in `process'
    /home/welcome/.rvm/gems/ruby-1.8.7-p302@rails222/gems/actionpack-2.2.2/lib/action_controller/dispatcher.rb:183:in `handle_request'
    /home/welcome/.rvm/gems/ruby-1.8.7-p302@rails222/gems/actionpack-2.2.2/lib/action_controller/dispatcher.rb:110:in `dispatch_unlocked'
    /home/welcome/.rvm/gems/ruby-1.8.7-p302@rails222/gems/actionpack-2.2.2/lib/action_controller/dispatcher.rb:123:in `dispatch'
    /home/welcome/.rvm/gems/ruby-1.8.7-p302@rails222/gems/actionpack-2.2.2/lib/action_controller/dispatcher.rb:122:in `synchronize'
    /home/welcome/.rvm/gems/ruby-1.8.7-p302@rails222/gems/actionpack-2.2.2/lib/action_controller/dispatcher.rb:122:in `dispatch'
    /home/welcome/.rvm/gems/ruby-1.8.7-p302@rails222/gems/actionpack-2.2.2/lib/action_controller/dispatcher.rb:132:in `dispatch_cgi'
    /home/welcome/.rvm/gems/ruby-1.8.7-p302@rails222/gems/actionpack-2.2.2/lib/action_controller/dispatcher.rb:39:in `dispatch'
    /home/welcome/.rvm/gems/ruby-1.8.7-p302@rails222/gems/rails-2.2.2/lib/webrick_server.rb:103:in `handle_dispatch'
    /home/welcome/.rvm/gems/ruby-1.8.7-p302@rails222/gems/rails-2.2.2/lib/webrick_server.rb:74:in `service'
    /home/welcome/.rvm/rubies/ruby-1.8.7-p302/lib/ruby/1.8/webrick/httpserver.rb:104:in `service'
    /home/welcome/.rvm/rubies/ruby-1.8.7-p302/lib/ruby/1.8/webrick/httpserver.rb:65:in `run'
    /home/welcome/.rvm/rubies/ruby-1.8.7-p302/lib/ruby/1.8/webrick/server.rb:173:in `start_thread'
    /home/welcome/.rvm/rubies/ruby-1.8.7-p302/lib/ruby/1.8/webrick/server.rb:162:in `start'
    /home/welcome/.rvm/rubies/ruby-1.8.7-p302/lib/ruby/1.8/webrick/server.rb:162:in `start_thread'
    /home/welcome/.rvm/rubies/ruby-1.8.7-p302/lib/ruby/1.8/webrick/server.rb:95:in `start'
    /home/welcome/.rvm/rubies/ruby-1.8.7-p302/lib/ruby/1.8/webrick/server.rb:92:in `each'
    /home/welcome/.rvm/rubies/ruby-1.8.7-p302/lib/ruby/1.8/webrick/server.rb:92:in `start'
    /home/welcome/.rvm/rubies/ruby-1.8.7-p302/lib/ruby/1.8/webrick/server.rb:23:in `start'
    /home/welcome/.rvm/rubies/ruby-1.8.7-p302/lib/ruby/1.8/webrick/server.rb:82:in `start'
    /home/welcome/.rvm/gems/ruby-1.8.7-p302@rails222/gems/rails-2.2.2/lib/webrick_server.rb:60:in `dispatch'
    /home/welcome/.rvm/gems/ruby-1.8.7-p302@rails222/gems/rails-2.2.2/lib/commands/servers/webrick.rb:66
    /home/welcome/.rvm/rubies/ruby-1.8.7-p302/lib/ruby/site_ruby/1.8/rubygems/custom_require.rb:31:in `gem_original_require'
    /home/welcome/.rvm/rubies/ruby-1.8.7-p302/lib/ruby/site_ruby/1.8/rubygems/custom_require.rb:31:in `require'
    /home/welcome/.rvm/gems/ruby-1.8.7-p302@rails222/gems/activesupport-2.2.2/lib/active_support/dependencies.rb:153:in `require'
    /home/welcome/.rvm/gems/ruby-1.8.7-p302@rails222/gems/activesupport-2.2.2/lib/active_support/dependencies.rb:521:in `new_constants_in'
    /home/welcome/.rvm/gems/ruby-1.8.7-p302@rails222/gems/activesupport-2.2.2/lib/active_support/dependencies.rb:153:in `require'
    /home/welcome/.rvm/gems/ruby-1.8.7-p302@rails222/gems/rails-2.2.2/lib/commands/server.rb:49
    /home/welcome/.rvm/rubies/ruby-1.8.7-p302/lib/ruby/site_ruby/1.8/rubygems/custom_require.rb:31:in `gem_original_require'
    /home/welcome/.rvm/rubies/ruby-1.8.7-p302/lib/ruby/site_ruby/1.8/rubygems/custom_require.rb:31:in `require'
    script/server:3

Rendered /home/welcome/.rvm/gems/ruby-1.8.7-p302@rails222/gems/actionpack-2.2.2/lib/action_controller/templates/rescues/_trace (40.2ms)
Rendered /home/welcome/.rvm/gems/ruby-1.8.7-p302@rails222/gems/actionpack-2.2.2/lib/action_controller/templates/rescues/_request_and_response (0.8ms)
Rendering /home/welcome/.rvm/gems/ruby-1.8.7-p302@rails222/gems/actionpack-2.2.2/lib/action_controller/templates/rescues/layout.erb (not_found)


Processing ProductsController#edit (for 127.0.0.1 at 2010-10-26 10:46:43) [GET]
  Parameters: {"id"=>"1"}
  [4;35;1mSQL (0.1ms)[0m   [0mSET SQL_AUTO_IS_NULL=0[0m
  [4;36;1mProduct Columns (0.9ms)[0m   [0;1mSHOW FIELDS FROM `products`[0m
  [4;35;1mProduct Load (0.1ms)[0m   [0mSELECT * FROM `products` WHERE (`products`.`id` = 1) [0m
Rendering template within layouts/products
Rendering products/edit


ActionView::TemplateError (undefined method `price' for #<Product:0xb6cce0a0>) on line #21 of app/views/products/edit.html.erb:
18:   <!-- START_HIGHLIGHT -->
19:   <p>
20:     <%= f.label :price %><br />
21:     <%= f.text_field :price %>
22:   </p>
23:   <!-- END_HIGHLIGHT -->
24: 

    /home/welcome/.rvm/gems/ruby-1.8.7-p302@rails222/gems/activerecord-2.2.2/lib/active_record/attribute_methods.rb:260:in `method_missing'
    /home/welcome/.rvm/gems/ruby-1.8.7-p302@rails222/gems/actionpack-2.2.2/lib/action_view/helpers/form_helper.rb:653:in `send'
    /home/welcome/.rvm/gems/ruby-1.8.7-p302@rails222/gems/actionpack-2.2.2/lib/action_view/helpers/form_helper.rb:653:in `value_before_type_cast'
    /home/welcome/.rvm/gems/ruby-1.8.7-p302@rails222/gems/actionpack-2.2.2/lib/action_view/helpers/form_helper.rb:641:in `value_before_type_cast'
    /home/welcome/.rvm/gems/ruby-1.8.7-p302@rails222/gems/actionpack-2.2.2/lib/action_view/helpers/form_helper.rb:560:in `to_input_field_tag'
    /home/welcome/.rvm/gems/ruby-1.8.7-p302@rails222/gems/actionpack-2.2.2/lib/action_view/helpers/form_helper.rb:354:in `text_field'
    /home/welcome/.rvm/gems/ruby-1.8.7-p302@rails222/gems/actionpack-2.2.2/lib/action_view/helpers/form_helper.rb:745:in `send'
    /home/welcome/.rvm/gems/ruby-1.8.7-p302@rails222/gems/actionpack-2.2.2/lib/action_view/helpers/form_helper.rb:745:in `text_field'
    app/views/products/edit.html.erb:21
    /home/welcome/.rvm/gems/ruby-1.8.7-p302@rails222/gems/actionpack-2.2.2/lib/action_view/helpers/form_helper.rb:313:in `fields_for'
    /home/welcome/.rvm/gems/ruby-1.8.7-p302@rails222/gems/actionpack-2.2.2/lib/action_view/helpers/form_helper.rb:253:in `form_for'
    app/views/products/edit.html.erb:3
    /home/welcome/.rvm/gems/ruby-1.8.7-p302@rails222/gems/actionpack-2.2.2/lib/action_view/renderable.rb:39:in `send'
    /home/welcome/.rvm/gems/ruby-1.8.7-p302@rails222/gems/actionpack-2.2.2/lib/action_view/renderable.rb:39:in `render'
    /home/welcome/.rvm/gems/ruby-1.8.7-p302@rails222/gems/actionpack-2.2.2/lib/action_view/template.rb:73:in `render_template'
    /home/welcome/.rvm/gems/ruby-1.8.7-p302@rails222/gems/actionpack-2.2.2/lib/action_view/base.rb:256:in `render'
    /home/welcome/.rvm/gems/ruby-1.8.7-p302@rails222/gems/actionpack-2.2.2/lib/action_view/base.rb:367:in `_render_with_layout'
    /home/welcome/.rvm/gems/ruby-1.8.7-p302@rails222/gems/actionpack-2.2.2/lib/action_view/base.rb:254:in `render'
    /home/welcome/.rvm/gems/ruby-1.8.7-p302@rails222/gems/actionpack-2.2.2/lib/action_controller/base.rb:1174:in `render_for_file'
    /home/welcome/.rvm/gems/ruby-1.8.7-p302@rails222/gems/actionpack-2.2.2/lib/action_controller/base.rb:896:in `render_without_benchmark'
    /home/welcome/.rvm/gems/ruby-1.8.7-p302@rails222/gems/actionpack-2.2.2/lib/action_controller/benchmarking.rb:51:in `render'
    /home/welcome/.rvm/gems/ruby-1.8.7-p302@rails222/gems/activesupport-2.2.2/lib/active_support/core_ext/benchmark.rb:8:in `realtime'
    /home/welcome/.rvm/gems/ruby-1.8.7-p302@rails222/gems/actionpack-2.2.2/lib/action_controller/benchmarking.rb:51:in `render'
    /home/welcome/.rvm/gems/ruby-1.8.7-p302@rails222/gems/actionpack-2.2.2/lib/action_controller/base.rb:868:in `render_without_benchmark'
    /home/welcome/.rvm/gems/ruby-1.8.7-p302@rails222/gems/actionpack-2.2.2/lib/action_controller/benchmarking.rb:51:in `render'
    /home/welcome/.rvm/gems/ruby-1.8.7-p302@rails222/gems/activesupport-2.2.2/lib/active_support/core_ext/benchmark.rb:8:in `realtime'
    /home/welcome/.rvm/gems/ruby-1.8.7-p302@rails222/gems/actionpack-2.2.2/lib/action_controller/benchmarking.rb:51:in `render'
    /home/welcome/.rvm/gems/ruby-1.8.7-p302@rails222/gems/actionpack-2.2.2/lib/action_controller/base.rb:1248:in `default_render'
    /home/welcome/.rvm/gems/ruby-1.8.7-p302@rails222/gems/actionpack-2.2.2/lib/action_controller/base.rb:1254:in `perform_action_without_filters'
    /home/welcome/.rvm/gems/ruby-1.8.7-p302@rails222/gems/actionpack-2.2.2/lib/action_controller/filters.rb:617:in `call_filters'
    /home/welcome/.rvm/gems/ruby-1.8.7-p302@rails222/gems/actionpack-2.2.2/lib/action_controller/filters.rb:610:in `perform_action_without_benchmark'
    /home/welcome/.rvm/gems/ruby-1.8.7-p302@rails222/gems/actionpack-2.2.2/lib/action_controller/benchmarking.rb:68:in `perform_action_without_rescue'
    /home/welcome/.rvm/rubies/ruby-1.8.7-p302/lib/ruby/1.8/benchmark.rb:293:in `measure'
    /home/welcome/.rvm/gems/ruby-1.8.7-p302@rails222/gems/actionpack-2.2.2/lib/action_controller/benchmarking.rb:68:in `perform_action_without_rescue'
    /home/welcome/.rvm/gems/ruby-1.8.7-p302@rails222/gems/actionpack-2.2.2/lib/action_controller/rescue.rb:136:in `perform_action_without_caching'
    /home/welcome/.rvm/gems/ruby-1.8.7-p302@rails222/gems/actionpack-2.2.2/lib/action_controller/caching/sql_cache.rb:13:in `perform_action'
    /home/welcome/.rvm/gems/ruby-1.8.7-p302@rails222/gems/activerecord-2.2.2/lib/active_record/connection_adapters/abstract/query_cache.rb:34:in `cache'
    /home/welcome/.rvm/gems/ruby-1.8.7-p302@rails222/gems/activerecord-2.2.2/lib/active_record/query_cache.rb:8:in `cache'
    /home/welcome/.rvm/gems/ruby-1.8.7-p302@rails222/gems/actionpack-2.2.2/lib/action_controller/caching/sql_cache.rb:12:in `perform_action'
    /home/welcome/.rvm/gems/ruby-1.8.7-p302@rails222/gems/actionpack-2.2.2/lib/action_controller/base.rb:524:in `send'
    /home/welcome/.rvm/gems/ruby-1.8.7-p302@rails222/gems/actionpack-2.2.2/lib/action_controller/base.rb:524:in `process_without_filters'
    /home/welcome/.rvm/gems/ruby-1.8.7-p302@rails222/gems/actionpack-2.2.2/lib/action_controller/filters.rb:606:in `process_without_session_management_support'
    /home/welcome/.rvm/gems/ruby-1.8.7-p302@rails222/gems/actionpack-2.2.2/lib/action_controller/session_management.rb:134:in `process'
    /home/welcome/.rvm/gems/ruby-1.8.7-p302@rails222/gems/actionpack-2.2.2/lib/action_controller/base.rb:392:in `process'
    /home/welcome/.rvm/gems/ruby-1.8.7-p302@rails222/gems/actionpack-2.2.2/lib/action_controller/dispatcher.rb:183:in `handle_request'
    /home/welcome/.rvm/gems/ruby-1.8.7-p302@rails222/gems/actionpack-2.2.2/lib/action_controller/dispatcher.rb:110:in `dispatch_unlocked'
    /home/welcome/.rvm/gems/ruby-1.8.7-p302@rails222/gems/actionpack-2.2.2/lib/action_controller/dispatcher.rb:123:in `dispatch'
    /home/welcome/.rvm/gems/ruby-1.8.7-p302@rails222/gems/actionpack-2.2.2/lib/action_controller/dispatcher.rb:122:in `synchronize'
    /home/welcome/.rvm/gems/ruby-1.8.7-p302@rails222/gems/actionpack-2.2.2/lib/action_controller/dispatcher.rb:122:in `dispatch'
    /home/welcome/.rvm/gems/ruby-1.8.7-p302@rails222/gems/actionpack-2.2.2/lib/action_controller/dispatcher.rb:132:in `dispatch_cgi'
    /home/welcome/.rvm/gems/ruby-1.8.7-p302@rails222/gems/actionpack-2.2.2/lib/action_controller/dispatcher.rb:39:in `dispatch'
    /home/welcome/.rvm/gems/ruby-1.8.7-p302@rails222/gems/rails-2.2.2/lib/webrick_server.rb:103:in `handle_dispatch'
    /home/welcome/.rvm/gems/ruby-1.8.7-p302@rails222/gems/rails-2.2.2/lib/webrick_server.rb:74:in `service'
    /home/welcome/.rvm/rubies/ruby-1.8.7-p302/lib/ruby/1.8/webrick/httpserver.rb:104:in `service'
    /home/welcome/.rvm/rubies/ruby-1.8.7-p302/lib/ruby/1.8/webrick/httpserver.rb:65:in `run'
    /home/welcome/.rvm/rubies/ruby-1.8.7-p302/lib/ruby/1.8/webrick/server.rb:173:in `start_thread'
    /home/welcome/.rvm/rubies/ruby-1.8.7-p302/lib/ruby/1.8/webrick/server.rb:162:in `start'
    /home/welcome/.rvm/rubies/ruby-1.8.7-p302/lib/ruby/1.8/webrick/server.rb:162:in `start_thread'
    /home/welcome/.rvm/rubies/ruby-1.8.7-p302/lib/ruby/1.8/webrick/server.rb:95:in `start'
    /home/welcome/.rvm/rubies/ruby-1.8.7-p302/lib/ruby/1.8/webrick/server.rb:92:in `each'
    /home/welcome/.rvm/rubies/ruby-1.8.7-p302/lib/ruby/1.8/webrick/server.rb:92:in `start'
    /home/welcome/.rvm/rubies/ruby-1.8.7-p302/lib/ruby/1.8/webrick/server.rb:23:in `start'
    /home/welcome/.rvm/rubies/ruby-1.8.7-p302/lib/ruby/1.8/webrick/server.rb:82:in `start'
    /home/welcome/.rvm/gems/ruby-1.8.7-p302@rails222/gems/rails-2.2.2/lib/webrick_server.rb:60:in `dispatch'
    /home/welcome/.rvm/gems/ruby-1.8.7-p302@rails222/gems/rails-2.2.2/lib/commands/servers/webrick.rb:66
    /home/welcome/.rvm/rubies/ruby-1.8.7-p302/lib/ruby/site_ruby/1.8/rubygems/custom_require.rb:31:in `gem_original_require'
    /home/welcome/.rvm/rubies/ruby-1.8.7-p302/lib/ruby/site_ruby/1.8/rubygems/custom_require.rb:31:in `require'
    /home/welcome/.rvm/gems/ruby-1.8.7-p302@rails222/gems/activesupport-2.2.2/lib/active_support/dependencies.rb:153:in `require'
    /home/welcome/.rvm/gems/ruby-1.8.7-p302@rails222/gems/activesupport-2.2.2/lib/active_support/dependencies.rb:521:in `new_constants_in'
    /home/welcome/.rvm/gems/ruby-1.8.7-p302@rails222/gems/activesupport-2.2.2/lib/active_support/dependencies.rb:153:in `require'
    /home/welcome/.rvm/gems/ruby-1.8.7-p302@rails222/gems/rails-2.2.2/lib/commands/server.rb:49
    /home/welcome/.rvm/rubies/ruby-1.8.7-p302/lib/ruby/site_ruby/1.8/rubygems/custom_require.rb:31:in `gem_original_require'
    /home/welcome/.rvm/rubies/ruby-1.8.7-p302/lib/ruby/site_ruby/1.8/rubygems/custom_require.rb:31:in `require'
    script/server:3

Rendered /home/welcome/.rvm/gems/ruby-1.8.7-p302@rails222/gems/actionpack-2.2.2/lib/action_controller/templates/rescues/_trace (72.0ms)
Rendered /home/welcome/.rvm/gems/ruby-1.8.7-p302@rails222/gems/actionpack-2.2.2/lib/action_controller/templates/rescues/_request_and_response (0.8ms)
Rendering /home/welcome/.rvm/gems/ruby-1.8.7-p302@rails222/gems/actionpack-2.2.2/lib/action_controller/templates/rescues/layout.erb (internal_server_error)


Processing ProductsController#index (for 127.0.0.1 at 2010-10-26 10:47:37) [GET]
  [4;36;1mSQL (0.1ms)[0m   [0;1mSET SQL_AUTO_IS_NULL=0[0m
  [4;35;1mProduct Load (1.9ms)[0m   [0mSELECT * FROM `products` [0m
Rendering template within layouts/products
Rendering products/index
  [4;36;1mProduct Columns (3.8ms)[0m   [0;1mSHOW FIELDS FROM `products`[0m
Completed in 23ms (View: 12, DB: 6) | 200 OK [http://localhost/products/]


Processing ProductsController#show (for 127.0.0.1 at 2010-10-26 10:47:39) [GET]
  Parameters: {"id"=>"1"}
  [4;35;1mSQL (0.1ms)[0m   [0mSET SQL_AUTO_IS_NULL=0[0m
  [4;36;1mProduct Columns (0.8ms)[0m   [0;1mSHOW FIELDS FROM `products`[0m
  [4;35;1mProduct Load (0.1ms)[0m   [0mSELECT * FROM `products` WHERE (`products`.`id` = 1) [0m
Rendering template within layouts/products
Rendering products/show


ActionView::TemplateError (undefined method `price' for #<Product:0xb6cf8170>) on line #19 of app/views/products/show.html.erb:
16: <!-- START_HIGHLIGHT -->
17: <p>
18:   <b>Price:</b>
19:   <%=h @product.price %>
20: </p>
21: <!-- END_HIGHLIGHT -->
22: 

    /home/welcome/.rvm/gems/ruby-1.8.7-p302@rails222/gems/activerecord-2.2.2/lib/active_record/attribute_methods.rb:260:in `method_missing'
    app/views/products/show.html.erb:19
    /home/welcome/.rvm/gems/ruby-1.8.7-p302@rails222/gems/actionpack-2.2.2/lib/action_view/renderable.rb:39:in `send'
    /home/welcome/.rvm/gems/ruby-1.8.7-p302@rails222/gems/actionpack-2.2.2/lib/action_view/renderable.rb:39:in `render'
    /home/welcome/.rvm/gems/ruby-1.8.7-p302@rails222/gems/actionpack-2.2.2/lib/action_view/template.rb:73:in `render_template'
    /home/welcome/.rvm/gems/ruby-1.8.7-p302@rails222/gems/actionpack-2.2.2/lib/action_view/base.rb:256:in `render'
    /home/welcome/.rvm/gems/ruby-1.8.7-p302@rails222/gems/actionpack-2.2.2/lib/action_view/base.rb:367:in `_render_with_layout'
    /home/welcome/.rvm/gems/ruby-1.8.7-p302@rails222/gems/actionpack-2.2.2/lib/action_view/base.rb:254:in `render'
    /home/welcome/.rvm/gems/ruby-1.8.7-p302@rails222/gems/actionpack-2.2.2/lib/action_controller/base.rb:1174:in `render_for_file'
    /home/welcome/.rvm/gems/ruby-1.8.7-p302@rails222/gems/actionpack-2.2.2/lib/action_controller/base.rb:905:in `render_without_benchmark'
    /home/welcome/.rvm/gems/ruby-1.8.7-p302@rails222/gems/actionpack-2.2.2/lib/action_controller/benchmarking.rb:51:in `render'
    /home/welcome/.rvm/gems/ruby-1.8.7-p302@rails222/gems/activesupport-2.2.2/lib/active_support/core_ext/benchmark.rb:8:in `realtime'
    /home/welcome/.rvm/gems/ruby-1.8.7-p302@rails222/gems/actionpack-2.2.2/lib/action_controller/benchmarking.rb:51:in `render'
    /home/welcome/.rvm/gems/ruby-1.8.7-p302@rails222/gems/actionpack-2.2.2/lib/action_controller/mime_responds.rb:135:in `send'
    /home/welcome/.rvm/gems/ruby-1.8.7-p302@rails222/gems/actionpack-2.2.2/lib/action_controller/mime_responds.rb:135:in `custom'
    /home/welcome/.rvm/gems/ruby-1.8.7-p302@rails222/gems/actionpack-2.2.2/lib/action_controller/mime_responds.rb:164:in `call'
    /home/welcome/.rvm/gems/ruby-1.8.7-p302@rails222/gems/actionpack-2.2.2/lib/action_controller/mime_responds.rb:164:in `respond'
    /home/welcome/.rvm/gems/ruby-1.8.7-p302@rails222/gems/actionpack-2.2.2/lib/action_controller/mime_responds.rb:158:in `each'
    /home/welcome/.rvm/gems/ruby-1.8.7-p302@rails222/gems/actionpack-2.2.2/lib/action_controller/mime_responds.rb:158:in `respond'
    /home/welcome/.rvm/gems/ruby-1.8.7-p302@rails222/gems/actionpack-2.2.2/lib/action_controller/mime_responds.rb:107:in `respond_to'
    app/controllers/products_controller.rb:18:in `show'
    /home/welcome/.rvm/gems/ruby-1.8.7-p302@rails222/gems/actionpack-2.2.2/lib/action_controller/base.rb:1253:in `send'
    /home/welcome/.rvm/gems/ruby-1.8.7-p302@rails222/gems/actionpack-2.2.2/lib/action_controller/base.rb:1253:in `perform_action_without_filters'
    /home/welcome/.rvm/gems/ruby-1.8.7-p302@rails222/gems/actionpack-2.2.2/lib/action_controller/filters.rb:617:in `call_filters'
    /home/welcome/.rvm/gems/ruby-1.8.7-p302@rails222/gems/actionpack-2.2.2/lib/action_controller/filters.rb:610:in `perform_action_without_benchmark'
    /home/welcome/.rvm/gems/ruby-1.8.7-p302@rails222/gems/actionpack-2.2.2/lib/action_controller/benchmarking.rb:68:in `perform_action_without_rescue'
    /home/welcome/.rvm/rubies/ruby-1.8.7-p302/lib/ruby/1.8/benchmark.rb:293:in `measure'
    /home/welcome/.rvm/gems/ruby-1.8.7-p302@rails222/gems/actionpack-2.2.2/lib/action_controller/benchmarking.rb:68:in `perform_action_without_rescue'
    /home/welcome/.rvm/gems/ruby-1.8.7-p302@rails222/gems/actionpack-2.2.2/lib/action_controller/rescue.rb:136:in `perform_action_without_caching'
    /home/welcome/.rvm/gems/ruby-1.8.7-p302@rails222/gems/actionpack-2.2.2/lib/action_controller/caching/sql_cache.rb:13:in `perform_action'
    /home/welcome/.rvm/gems/ruby-1.8.7-p302@rails222/gems/activerecord-2.2.2/lib/active_record/connection_adapters/abstract/query_cache.rb:34:in `cache'
    /home/welcome/.rvm/gems/ruby-1.8.7-p302@rails222/gems/activerecord-2.2.2/lib/active_record/query_cache.rb:8:in `cache'
    /home/welcome/.rvm/gems/ruby-1.8.7-p302@rails222/gems/actionpack-2.2.2/lib/action_controller/caching/sql_cache.rb:12:in `perform_action'
    /home/welcome/.rvm/gems/ruby-1.8.7-p302@rails222/gems/actionpack-2.2.2/lib/action_controller/base.rb:524:in `send'
    /home/welcome/.rvm/gems/ruby-1.8.7-p302@rails222/gems/actionpack-2.2.2/lib/action_controller/base.rb:524:in `process_without_filters'
    /home/welcome/.rvm/gems/ruby-1.8.7-p302@rails222/gems/actionpack-2.2.2/lib/action_controller/filters.rb:606:in `process_without_session_management_support'
    /home/welcome/.rvm/gems/ruby-1.8.7-p302@rails222/gems/actionpack-2.2.2/lib/action_controller/session_management.rb:134:in `process'
    /home/welcome/.rvm/gems/ruby-1.8.7-p302@rails222/gems/actionpack-2.2.2/lib/action_controller/base.rb:392:in `process'
    /home/welcome/.rvm/gems/ruby-1.8.7-p302@rails222/gems/actionpack-2.2.2/lib/action_controller/dispatcher.rb:183:in `handle_request'
    /home/welcome/.rvm/gems/ruby-1.8.7-p302@rails222/gems/actionpack-2.2.2/lib/action_controller/dispatcher.rb:110:in `dispatch_unlocked'
    /home/welcome/.rvm/gems/ruby-1.8.7-p302@rails222/gems/actionpack-2.2.2/lib/action_controller/dispatcher.rb:123:in `dispatch'
    /home/welcome/.rvm/gems/ruby-1.8.7-p302@rails222/gems/actionpack-2.2.2/lib/action_controller/dispatcher.rb:122:in `synchronize'
    /home/welcome/.rvm/gems/ruby-1.8.7-p302@rails222/gems/actionpack-2.2.2/lib/action_controller/dispatcher.rb:122:in `dispatch'
    /home/welcome/.rvm/gems/ruby-1.8.7-p302@rails222/gems/actionpack-2.2.2/lib/action_controller/dispatcher.rb:132:in `dispatch_cgi'
    /home/welcome/.rvm/gems/ruby-1.8.7-p302@rails222/gems/actionpack-2.2.2/lib/action_controller/dispatcher.rb:39:in `dispatch'
    /home/welcome/.rvm/gems/ruby-1.8.7-p302@rails222/gems/rails-2.2.2/lib/webrick_server.rb:103:in `handle_dispatch'
    /home/welcome/.rvm/gems/ruby-1.8.7-p302@rails222/gems/rails-2.2.2/lib/webrick_server.rb:74:in `service'
    /home/welcome/.rvm/rubies/ruby-1.8.7-p302/lib/ruby/1.8/webrick/httpserver.rb:104:in `service'
    /home/welcome/.rvm/rubies/ruby-1.8.7-p302/lib/ruby/1.8/webrick/httpserver.rb:65:in `run'
    /home/welcome/.rvm/rubies/ruby-1.8.7-p302/lib/ruby/1.8/webrick/server.rb:173:in `start_thread'
    /home/welcome/.rvm/rubies/ruby-1.8.7-p302/lib/ruby/1.8/webrick/server.rb:162:in `start'
    /home/welcome/.rvm/rubies/ruby-1.8.7-p302/lib/ruby/1.8/webrick/server.rb:162:in `start_thread'
    /home/welcome/.rvm/rubies/ruby-1.8.7-p302/lib/ruby/1.8/webrick/server.rb:95:in `start'
    /home/welcome/.rvm/rubies/ruby-1.8.7-p302/lib/ruby/1.8/webrick/server.rb:92:in `each'
    /home/welcome/.rvm/rubies/ruby-1.8.7-p302/lib/ruby/1.8/webrick/server.rb:92:in `start'
    /home/welcome/.rvm/rubies/ruby-1.8.7-p302/lib/ruby/1.8/webrick/server.rb:23:in `start'
    /home/welcome/.rvm/rubies/ruby-1.8.7-p302/lib/ruby/1.8/webrick/server.rb:82:in `start'
    /home/welcome/.rvm/gems/ruby-1.8.7-p302@rails222/gems/rails-2.2.2/lib/webrick_server.rb:60:in `dispatch'
    /home/welcome/.rvm/gems/ruby-1.8.7-p302@rails222/gems/rails-2.2.2/lib/commands/servers/webrick.rb:66
    /home/welcome/.rvm/rubies/ruby-1.8.7-p302/lib/ruby/site_ruby/1.8/rubygems/custom_require.rb:31:in `gem_original_require'
    /home/welcome/.rvm/rubies/ruby-1.8.7-p302/lib/ruby/site_ruby/1.8/rubygems/custom_require.rb:31:in `require'
    /home/welcome/.rvm/gems/ruby-1.8.7-p302@rails222/gems/activesupport-2.2.2/lib/active_support/dependencies.rb:153:in `require'
    /home/welcome/.rvm/gems/ruby-1.8.7-p302@rails222/gems/activesupport-2.2.2/lib/active_support/dependencies.rb:521:in `new_constants_in'
    /home/welcome/.rvm/gems/ruby-1.8.7-p302@rails222/gems/activesupport-2.2.2/lib/active_support/dependencies.rb:153:in `require'
    /home/welcome/.rvm/gems/ruby-1.8.7-p302@rails222/gems/rails-2.2.2/lib/commands/server.rb:49
    /home/welcome/.rvm/rubies/ruby-1.8.7-p302/lib/ruby/site_ruby/1.8/rubygems/custom_require.rb:31:in `gem_original_require'
    /home/welcome/.rvm/rubies/ruby-1.8.7-p302/lib/ruby/site_ruby/1.8/rubygems/custom_require.rb:31:in `require'
    script/server:3

Rendered /home/welcome/.rvm/gems/ruby-1.8.7-p302@rails222/gems/actionpack-2.2.2/lib/action_controller/templates/rescues/_trace (53.5ms)
Rendered /home/welcome/.rvm/gems/ruby-1.8.7-p302@rails222/gems/actionpack-2.2.2/lib/action_controller/templates/rescues/_request_and_response (0.8ms)
Rendering /home/welcome/.rvm/gems/ruby-1.8.7-p302@rails222/gems/actionpack-2.2.2/lib/action_controller/templates/rescues/layout.erb (internal_server_error)


Processing ProductsController#show (for 127.0.0.1 at 2010-10-26 10:47:56) [GET]
  Parameters: {"id"=>"1"}
  [4;36;1mSQL (0.1ms)[0m   [0;1mSET SQL_AUTO_IS_NULL=0[0m
  [4;35;1mProduct Columns (0.8ms)[0m   [0mSHOW FIELDS FROM `products`[0m
  [4;36;1mProduct Load (0.1ms)[0m   [0;1mSELECT * FROM `products` WHERE (`products`.`id` = 1) [0m
Rendering template within layouts/products
Rendering products/show
Completed in 12ms (View: 4, DB: 1) | 200 OK [http://localhost/products/1]


Processing ProductsController#show (for 127.0.0.1 at 2010-10-26 10:48:46) [GET]
  Parameters: {"id"=>"show"}
  [4;35;1mSQL (0.1ms)[0m   [0mSET SQL_AUTO_IS_NULL=0[0m
  [4;36;1mProduct Columns (0.8ms)[0m   [0;1mSHOW FIELDS FROM `products`[0m
  [4;35;1mProduct Load (0.1ms)[0m   [0mSELECT * FROM `products` WHERE (`products`.`id` = 0) [0m


ActiveRecord::RecordNotFound (Couldn't find Product with ID=show):
    /home/welcome/.rvm/gems/ruby-1.8.7-p302@rails222/gems/activerecord-2.2.2/lib/active_record/base.rb:1528:in `find_one'
    /home/welcome/.rvm/gems/ruby-1.8.7-p302@rails222/gems/activerecord-2.2.2/lib/active_record/base.rb:1511:in `find_from_ids'
    /home/welcome/.rvm/gems/ruby-1.8.7-p302@rails222/gems/activerecord-2.2.2/lib/active_record/base.rb:590:in `find'
    /app/controllers/products_controller.rb:16:in `show'
    /home/welcome/.rvm/gems/ruby-1.8.7-p302@rails222/gems/actionpack-2.2.2/lib/action_controller/base.rb:1253:in `send'
    /home/welcome/.rvm/gems/ruby-1.8.7-p302@rails222/gems/actionpack-2.2.2/lib/action_controller/base.rb:1253:in `perform_action_without_filters'
    /home/welcome/.rvm/gems/ruby-1.8.7-p302@rails222/gems/actionpack-2.2.2/lib/action_controller/filters.rb:617:in `call_filters'
    /home/welcome/.rvm/gems/ruby-1.8.7-p302@rails222/gems/actionpack-2.2.2/lib/action_controller/filters.rb:610:in `perform_action_without_benchmark'
    /home/welcome/.rvm/gems/ruby-1.8.7-p302@rails222/gems/actionpack-2.2.2/lib/action_controller/benchmarking.rb:68:in `perform_action_without_rescue'
    /home/welcome/.rvm/rubies/ruby-1.8.7-p302/lib/ruby/1.8/benchmark.rb:293:in `measure'
    /home/welcome/.rvm/gems/ruby-1.8.7-p302@rails222/gems/actionpack-2.2.2/lib/action_controller/benchmarking.rb:68:in `perform_action_without_rescue'
    /home/welcome/.rvm/gems/ruby-1.8.7-p302@rails222/gems/actionpack-2.2.2/lib/action_controller/rescue.rb:136:in `perform_action_without_caching'
    /home/welcome/.rvm/gems/ruby-1.8.7-p302@rails222/gems/actionpack-2.2.2/lib/action_controller/caching/sql_cache.rb:13:in `perform_action'
    /home/welcome/.rvm/gems/ruby-1.8.7-p302@rails222/gems/activerecord-2.2.2/lib/active_record/connection_adapters/abstract/query_cache.rb:34:in `cache'
    /home/welcome/.rvm/gems/ruby-1.8.7-p302@rails222/gems/activerecord-2.2.2/lib/active_record/query_cache.rb:8:in `cache'
    /home/welcome/.rvm/gems/ruby-1.8.7-p302@rails222/gems/actionpack-2.2.2/lib/action_controller/caching/sql_cache.rb:12:in `perform_action'
    /home/welcome/.rvm/gems/ruby-1.8.7-p302@rails222/gems/actionpack-2.2.2/lib/action_controller/base.rb:524:in `send'
    /home/welcome/.rvm/gems/ruby-1.8.7-p302@rails222/gems/actionpack-2.2.2/lib/action_controller/base.rb:524:in `process_without_filters'
    /home/welcome/.rvm/gems/ruby-1.8.7-p302@rails222/gems/actionpack-2.2.2/lib/action_controller/filters.rb:606:in `process_without_session_management_support'
    /home/welcome/.rvm/gems/ruby-1.8.7-p302@rails222/gems/actionpack-2.2.2/lib/action_controller/session_management.rb:134:in `process'
    /home/welcome/.rvm/gems/ruby-1.8.7-p302@rails222/gems/actionpack-2.2.2/lib/action_controller/base.rb:392:in `process'
    /home/welcome/.rvm/gems/ruby-1.8.7-p302@rails222/gems/actionpack-2.2.2/lib/action_controller/dispatcher.rb:183:in `handle_request'
    /home/welcome/.rvm/gems/ruby-1.8.7-p302@rails222/gems/actionpack-2.2.2/lib/action_controller/dispatcher.rb:110:in `dispatch_unlocked'
    /home/welcome/.rvm/gems/ruby-1.8.7-p302@rails222/gems/actionpack-2.2.2/lib/action_controller/dispatcher.rb:123:in `dispatch'
    /home/welcome/.rvm/gems/ruby-1.8.7-p302@rails222/gems/actionpack-2.2.2/lib/action_controller/dispatcher.rb:122:in `synchronize'
    /home/welcome/.rvm/gems/ruby-1.8.7-p302@rails222/gems/actionpack-2.2.2/lib/action_controller/dispatcher.rb:122:in `dispatch'
    /home/welcome/.rvm/gems/ruby-1.8.7-p302@rails222/gems/actionpack-2.2.2/lib/action_controller/dispatcher.rb:132:in `dispatch_cgi'
    /home/welcome/.rvm/gems/ruby-1.8.7-p302@rails222/gems/actionpack-2.2.2/lib/action_controller/dispatcher.rb:39:in `dispatch'
    /home/welcome/.rvm/gems/ruby-1.8.7-p302@rails222/gems/rails-2.2.2/lib/webrick_server.rb:103:in `handle_dispatch'
    /home/welcome/.rvm/gems/ruby-1.8.7-p302@rails222/gems/rails-2.2.2/lib/webrick_server.rb:74:in `service'
    /home/welcome/.rvm/rubies/ruby-1.8.7-p302/lib/ruby/1.8/webrick/httpserver.rb:104:in `service'
    /home/welcome/.rvm/rubies/ruby-1.8.7-p302/lib/ruby/1.8/webrick/httpserver.rb:65:in `run'
    /home/welcome/.rvm/rubies/ruby-1.8.7-p302/lib/ruby/1.8/webrick/server.rb:173:in `start_thread'
    /home/welcome/.rvm/rubies/ruby-1.8.7-p302/lib/ruby/1.8/webrick/server.rb:162:in `start'
    /home/welcome/.rvm/rubies/ruby-1.8.7-p302/lib/ruby/1.8/webrick/server.rb:162:in `start_thread'
    /home/welcome/.rvm/rubies/ruby-1.8.7-p302/lib/ruby/1.8/webrick/server.rb:95:in `start'
    /home/welcome/.rvm/rubies/ruby-1.8.7-p302/lib/ruby/1.8/webrick/server.rb:92:in `each'
    /home/welcome/.rvm/rubies/ruby-1.8.7-p302/lib/ruby/1.8/webrick/server.rb:92:in `start'
    /home/welcome/.rvm/rubies/ruby-1.8.7-p302/lib/ruby/1.8/webrick/server.rb:23:in `start'
    /home/welcome/.rvm/rubies/ruby-1.8.7-p302/lib/ruby/1.8/webrick/server.rb:82:in `start'
    /home/welcome/.rvm/gems/ruby-1.8.7-p302@rails222/gems/rails-2.2.2/lib/webrick_server.rb:60:in `dispatch'
    /home/welcome/.rvm/gems/ruby-1.8.7-p302@rails222/gems/rails-2.2.2/lib/commands/servers/webrick.rb:66
    /home/welcome/.rvm/rubies/ruby-1.8.7-p302/lib/ruby/site_ruby/1.8/rubygems/custom_require.rb:31:in `gem_original_require'
    /home/welcome/.rvm/rubies/ruby-1.8.7-p302/lib/ruby/site_ruby/1.8/rubygems/custom_require.rb:31:in `require'
    /home/welcome/.rvm/gems/ruby-1.8.7-p302@rails222/gems/activesupport-2.2.2/lib/active_support/dependencies.rb:153:in `require'
    /home/welcome/.rvm/gems/ruby-1.8.7-p302@rails222/gems/activesupport-2.2.2/lib/active_support/dependencies.rb:521:in `new_constants_in'
    /home/welcome/.rvm/gems/ruby-1.8.7-p302@rails222/gems/activesupport-2.2.2/lib/active_support/dependencies.rb:153:in `require'
    /home/welcome/.rvm/gems/ruby-1.8.7-p302@rails222/gems/rails-2.2.2/lib/commands/server.rb:49
    /home/welcome/.rvm/rubies/ruby-1.8.7-p302/lib/ruby/site_ruby/1.8/rubygems/custom_require.rb:31:in `gem_original_require'
    /home/welcome/.rvm/rubies/ruby-1.8.7-p302/lib/ruby/site_ruby/1.8/rubygems/custom_require.rb:31:in `require'
    script/server:3

Rendered /home/welcome/.rvm/gems/ruby-1.8.7-p302@rails222/gems/actionpack-2.2.2/lib/action_controller/templates/rescues/_trace (54.9ms)
Rendered /home/welcome/.rvm/gems/ruby-1.8.7-p302@rails222/gems/actionpack-2.2.2/lib/action_controller/templates/rescues/_request_and_response (0.8ms)
Rendering /home/welcome/.rvm/gems/ruby-1.8.7-p302@rails222/gems/actionpack-2.2.2/lib/action_controller/templates/rescues/layout.erb (not_found)


Processing ProductsController#index (for 127.0.0.1 at 2010-10-26 10:48:52) [GET]
  [4;36;1mSQL (0.1ms)[0m   [0;1mSET SQL_AUTO_IS_NULL=0[0m
  [4;35;1mProduct Load (0.2ms)[0m   [0mSELECT * FROM `products` [0m
Rendering template within layouts/products
Rendering products/index
  [4;36;1mProduct Columns (0.8ms)[0m   [0;1mSHOW FIELDS FROM `products`[0m
Completed in 14ms (View: 8, DB: 1) | 200 OK [http://localhost/products/]
  [4;36;1mSQL (0.1ms)[0m   [0;1mSET SQL_AUTO_IS_NULL=0[0m
  [4;35;1mSQL (0.3ms)[0m   [0mSHOW TABLES[0m
  [4;36;1mSQL (0.1ms)[0m   [0;1mSELECT version FROM schema_migrations[0m
Migrating to CreateProducts (20101026014115)
Migrating to CreateUsers (20101026015220)
  [4;35;1mSQL (174.7ms)[0m   [0mCREATE TABLE `users` (`id` int(11) DEFAULT NULL auto_increment PRIMARY KEY, `name` varchar(255), `hashed_password` varchar(255), `salt` varchar(255), `created_at` datetime, `updated_at` datetime) ENGINE=InnoDB[0m
  [4;36;1mSQL (55.3ms)[0m   [0;1mINSERT INTO schema_migrations (version) VALUES ('20101026015220')[0m
  [4;35;1mSQL (0.5ms)[0m   [0mSHOW TABLES[0m
  [4;36;1mSQL (0.2ms)[0m   [0;1mSELECT version FROM schema_migrations[0m
  [4;35;1mSQL (0.8ms)[0m   [0mSHOW TABLES[0m
  [4;36;1mSQL (0.9ms)[0m   [0;1mSHOW FIELDS FROM `products`[0m
  [4;35;1mSQL (0.7ms)[0m   [0mdescribe `products`[0m
  [4;36;1mSQL (0.3ms)[0m   [0;1mSHOW KEYS FROM `products`[0m
  [4;35;1mSQL (0.8ms)[0m   [0mSHOW FIELDS FROM `users`[0m
  [4;36;1mSQL (0.7ms)[0m   [0;1mdescribe `users`[0m
  [4;35;1mSQL (0.3ms)[0m   [0mSHOW KEYS FROM `users`[0m


Processing UsersController#index (for 127.0.0.1 at 2010-10-26 11:00:04) [GET]
  [4;35;1mSQL (0.1ms)[0m   [0mSET SQL_AUTO_IS_NULL=0[0m
  [4;36;1mUser Load (27.5ms)[0m   [0;1mSELECT * FROM `users` ORDER BY name[0m
Rendering template within layouts/users
Rendering users/index
Completed in 40ms (View: 5, DB: 28) | 200 OK [http://localhost/users]


Processing ApplicationController#index (for 127.0.0.1 at 2010-10-26 11:00:04) [GET]


ActionController::RoutingError (No route matches "/stylesheets/depot.css" with {:method=>:get}):
    /home/welcome/.rvm/gems/ruby-1.8.7-p302@rails222/gems/actionpack-2.2.2/lib/action_controller/routing/recognition_optimisation.rb:66:in `recognize_path'
    /home/welcome/.rvm/gems/ruby-1.8.7-p302@rails222/gems/actionpack-2.2.2/lib/action_controller/routing/route_set.rb:386:in `recognize'
    /home/welcome/.rvm/gems/ruby-1.8.7-p302@rails222/gems/actionpack-2.2.2/lib/action_controller/dispatcher.rb:182:in `handle_request'
    /home/welcome/.rvm/gems/ruby-1.8.7-p302@rails222/gems/actionpack-2.2.2/lib/action_controller/dispatcher.rb:110:in `dispatch_unlocked'
    /home/welcome/.rvm/gems/ruby-1.8.7-p302@rails222/gems/actionpack-2.2.2/lib/action_controller/dispatcher.rb:123:in `dispatch'
    /home/welcome/.rvm/gems/ruby-1.8.7-p302@rails222/gems/actionpack-2.2.2/lib/action_controller/dispatcher.rb:122:in `synchronize'
    /home/welcome/.rvm/gems/ruby-1.8.7-p302@rails222/gems/actionpack-2.2.2/lib/action_controller/dispatcher.rb:122:in `dispatch'
    /home/welcome/.rvm/gems/ruby-1.8.7-p302@rails222/gems/actionpack-2.2.2/lib/action_controller/dispatcher.rb:132:in `dispatch_cgi'
    /home/welcome/.rvm/gems/ruby-1.8.7-p302@rails222/gems/actionpack-2.2.2/lib/action_controller/dispatcher.rb:39:in `dispatch'
    /home/welcome/.rvm/gems/ruby-1.8.7-p302@rails222/gems/rails-2.2.2/lib/webrick_server.rb:103:in `handle_dispatch'
    /home/welcome/.rvm/gems/ruby-1.8.7-p302@rails222/gems/rails-2.2.2/lib/webrick_server.rb:74:in `service'
    /home/welcome/.rvm/rubies/ruby-1.8.7-p302/lib/ruby/1.8/webrick/httpserver.rb:104:in `service'
    /home/welcome/.rvm/rubies/ruby-1.8.7-p302/lib/ruby/1.8/webrick/httpserver.rb:65:in `run'
    /home/welcome/.rvm/rubies/ruby-1.8.7-p302/lib/ruby/1.8/webrick/server.rb:173:in `start_thread'
    /home/welcome/.rvm/rubies/ruby-1.8.7-p302/lib/ruby/1.8/webrick/server.rb:162:in `start'
    /home/welcome/.rvm/rubies/ruby-1.8.7-p302/lib/ruby/1.8/webrick/server.rb:162:in `start_thread'
    /home/welcome/.rvm/rubies/ruby-1.8.7-p302/lib/ruby/1.8/webrick/server.rb:95:in `start'
    /home/welcome/.rvm/rubies/ruby-1.8.7-p302/lib/ruby/1.8/webrick/server.rb:92:in `each'
    /home/welcome/.rvm/rubies/ruby-1.8.7-p302/lib/ruby/1.8/webrick/server.rb:92:in `start'
    /home/welcome/.rvm/rubies/ruby-1.8.7-p302/lib/ruby/1.8/webrick/server.rb:23:in `start'
    /home/welcome/.rvm/rubies/ruby-1.8.7-p302/lib/ruby/1.8/webrick/server.rb:82:in `start'
    /home/welcome/.rvm/gems/ruby-1.8.7-p302@rails222/gems/rails-2.2.2/lib/webrick_server.rb:60:in `dispatch'
    /home/welcome/.rvm/gems/ruby-1.8.7-p302@rails222/gems/rails-2.2.2/lib/commands/servers/webrick.rb:66
    /home/welcome/.rvm/rubies/ruby-1.8.7-p302/lib/ruby/site_ruby/1.8/rubygems/custom_require.rb:31:in `gem_original_require'
    /home/welcome/.rvm/rubies/ruby-1.8.7-p302/lib/ruby/site_ruby/1.8/rubygems/custom_require.rb:31:in `require'
    /home/welcome/.rvm/gems/ruby-1.8.7-p302@rails222/gems/activesupport-2.2.2/lib/active_support/dependencies.rb:153:in `require'
    /home/welcome/.rvm/gems/ruby-1.8.7-p302@rails222/gems/activesupport-2.2.2/lib/active_support/dependencies.rb:521:in `new_constants_in'
    /home/welcome/.rvm/gems/ruby-1.8.7-p302@rails222/gems/activesupport-2.2.2/lib/active_support/dependencies.rb:153:in `require'
    /home/welcome/.rvm/gems/ruby-1.8.7-p302@rails222/gems/rails-2.2.2/lib/commands/server.rb:49
    /home/welcome/.rvm/rubies/ruby-1.8.7-p302/lib/ruby/site_ruby/1.8/rubygems/custom_require.rb:31:in `gem_original_require'
    /home/welcome/.rvm/rubies/ruby-1.8.7-p302/lib/ruby/site_ruby/1.8/rubygems/custom_require.rb:31:in `require'
    script/server:3

Rendering /home/welcome/.rvm/gems/ruby-1.8.7-p302@rails222/gems/actionpack-2.2.2/lib/action_controller/templates/rescues/layout.erb (not_found)


Processing UsersController#new (for 127.0.0.1 at 2010-10-26 11:00:06) [GET]
  [4;35;1mSQL (0.1ms)[0m   [0mSET SQL_AUTO_IS_NULL=0[0m
  [4;36;1mUser Columns (0.8ms)[0m   [0;1mSHOW FIELDS FROM `users`[0m
Rendering template within layouts/users
Rendering users/new
Completed in 14ms (View: 6, DB: 1) | 200 OK [http://localhost/users/new]


Processing ApplicationController#index (for 127.0.0.1 at 2010-10-26 11:00:06) [GET]


ActionController::RoutingError (No route matches "/stylesheets/depot.css" with {:method=>:get}):
    /home/welcome/.rvm/gems/ruby-1.8.7-p302@rails222/gems/actionpack-2.2.2/lib/action_controller/routing/recognition_optimisation.rb:66:in `recognize_path'
    /home/welcome/.rvm/gems/ruby-1.8.7-p302@rails222/gems/actionpack-2.2.2/lib/action_controller/routing/route_set.rb:386:in `recognize'
    /home/welcome/.rvm/gems/ruby-1.8.7-p302@rails222/gems/actionpack-2.2.2/lib/action_controller/dispatcher.rb:182:in `handle_request'
    /home/welcome/.rvm/gems/ruby-1.8.7-p302@rails222/gems/actionpack-2.2.2/lib/action_controller/dispatcher.rb:110:in `dispatch_unlocked'
    /home/welcome/.rvm/gems/ruby-1.8.7-p302@rails222/gems/actionpack-2.2.2/lib/action_controller/dispatcher.rb:123:in `dispatch'
    /home/welcome/.rvm/gems/ruby-1.8.7-p302@rails222/gems/actionpack-2.2.2/lib/action_controller/dispatcher.rb:122:in `synchronize'
    /home/welcome/.rvm/gems/ruby-1.8.7-p302@rails222/gems/actionpack-2.2.2/lib/action_controller/dispatcher.rb:122:in `dispatch'
    /home/welcome/.rvm/gems/ruby-1.8.7-p302@rails222/gems/actionpack-2.2.2/lib/action_controller/dispatcher.rb:132:in `dispatch_cgi'
    /home/welcome/.rvm/gems/ruby-1.8.7-p302@rails222/gems/actionpack-2.2.2/lib/action_controller/dispatcher.rb:39:in `dispatch'
    /home/welcome/.rvm/gems/ruby-1.8.7-p302@rails222/gems/rails-2.2.2/lib/webrick_server.rb:103:in `handle_dispatch'
    /home/welcome/.rvm/gems/ruby-1.8.7-p302@rails222/gems/rails-2.2.2/lib/webrick_server.rb:74:in `service'
    /home/welcome/.rvm/rubies/ruby-1.8.7-p302/lib/ruby/1.8/webrick/httpserver.rb:104:in `service'
    /home/welcome/.rvm/rubies/ruby-1.8.7-p302/lib/ruby/1.8/webrick/httpserver.rb:65:in `run'
    /home/welcome/.rvm/rubies/ruby-1.8.7-p302/lib/ruby/1.8/webrick/server.rb:173:in `start_thread'
    /home/welcome/.rvm/rubies/ruby-1.8.7-p302/lib/ruby/1.8/webrick/server.rb:162:in `start'
    /home/welcome/.rvm/rubies/ruby-1.8.7-p302/lib/ruby/1.8/webrick/server.rb:162:in `start_thread'
    /home/welcome/.rvm/rubies/ruby-1.8.7-p302/lib/ruby/1.8/webrick/server.rb:95:in `start'
    /home/welcome/.rvm/rubies/ruby-1.8.7-p302/lib/ruby/1.8/webrick/server.rb:92:in `each'
    /home/welcome/.rvm/rubies/ruby-1.8.7-p302/lib/ruby/1.8/webrick/server.rb:92:in `start'
    /home/welcome/.rvm/rubies/ruby-1.8.7-p302/lib/ruby/1.8/webrick/server.rb:23:in `start'
    /home/welcome/.rvm/rubies/ruby-1.8.7-p302/lib/ruby/1.8/webrick/server.rb:82:in `start'
    /home/welcome/.rvm/gems/ruby-1.8.7-p302@rails222/gems/rails-2.2.2/lib/webrick_server.rb:60:in `dispatch'
    /home/welcome/.rvm/gems/ruby-1.8.7-p302@rails222/gems/rails-2.2.2/lib/commands/servers/webrick.rb:66
    /home/welcome/.rvm/rubies/ruby-1.8.7-p302/lib/ruby/site_ruby/1.8/rubygems/custom_require.rb:31:in `gem_original_require'
    /home/welcome/.rvm/rubies/ruby-1.8.7-p302/lib/ruby/site_ruby/1.8/rubygems/custom_require.rb:31:in `require'
    /home/welcome/.rvm/gems/ruby-1.8.7-p302@rails222/gems/activesupport-2.2.2/lib/active_support/dependencies.rb:153:in `require'
    /home/welcome/.rvm/gems/ruby-1.8.7-p302@rails222/gems/activesupport-2.2.2/lib/active_support/dependencies.rb:521:in `new_constants_in'
    /home/welcome/.rvm/gems/ruby-1.8.7-p302@rails222/gems/activesupport-2.2.2/lib/active_support/dependencies.rb:153:in `require'
    /home/welcome/.rvm/gems/ruby-1.8.7-p302@rails222/gems/rails-2.2.2/lib/commands/server.rb:49
    /home/welcome/.rvm/rubies/ruby-1.8.7-p302/lib/ruby/site_ruby/1.8/rubygems/custom_require.rb:31:in `gem_original_require'
    /home/welcome/.rvm/rubies/ruby-1.8.7-p302/lib/ruby/site_ruby/1.8/rubygems/custom_require.rb:31:in `require'
    script/server:3

Rendering /home/welcome/.rvm/gems/ruby-1.8.7-p302@rails222/gems/actionpack-2.2.2/lib/action_controller/templates/rescues/layout.erb (not_found)


Processing UsersController#create (for 127.0.0.1 at 2010-10-26 11:00:19) [POST]
  Parameters: {"commit"=>"Add User", "authenticity_token"=>"1fd22dfb0a87472faaa46a6a5bd2da8dbfbbb158", "user"=>{"name"=>"i", "password_confirmation"=>"1", "password"=>"1"}}
  [4;35;1mSQL (0.1ms)[0m   [0mSET SQL_AUTO_IS_NULL=0[0m
  [4;36;1mUser Columns (1.8ms)[0m   [0;1mSHOW FIELDS FROM `users`[0m
  [4;35;1mSQL (0.1ms)[0m   [0mBEGIN[0m
  [4;36;1mUser Exists (26.8ms)[0m   [0;1mSELECT `users`.id FROM `users` WHERE (`users`.`name` = BINARY 'i') LIMIT 1[0m
  [4;35;1mUser Create (0.3ms)[0m   [0mINSERT INTO `users` (`name`, `salt`, `created_at`, `updated_at`, `hashed_password`) VALUES('i', '-6140814980.542430385914835', '2010-10-26 02:00:20', '2010-10-26 02:00:20', '105bdb03f95af234af7cf3be74290a8a0eeda6d9')[0m
  [4;36;1mSQL (60.2ms)[0m   [0;1mCOMMIT[0m
Redirected to actionindex
Completed in 106ms (DB: 89) | 302 Found [http://localhost/users]


Processing UsersController#index (for 127.0.0.1 at 2010-10-26 11:00:20) [GET]
  [4;35;1mSQL (3.8ms)[0m   [0mSET SQL_AUTO_IS_NULL=0[0m
  [4;36;1mUser Load (3.0ms)[0m   [0;1mSELECT * FROM `users` ORDER BY name[0m
Rendering template within layouts/users
Rendering users/index
  [4;35;1mUser Columns (0.8ms)[0m   [0mSHOW FIELDS FROM `users`[0m
Completed in 19ms (View: 7, DB: 8) | 200 OK [http://localhost/users]


Processing ApplicationController#index (for 127.0.0.1 at 2010-10-26 11:00:20) [GET]


ActionController::RoutingError (No route matches "/stylesheets/depot.css" with {:method=>:get}):
    /home/welcome/.rvm/gems/ruby-1.8.7-p302@rails222/gems/actionpack-2.2.2/lib/action_controller/routing/recognition_optimisation.rb:66:in `recognize_path'
    /home/welcome/.rvm/gems/ruby-1.8.7-p302@rails222/gems/actionpack-2.2.2/lib/action_controller/routing/route_set.rb:386:in `recognize'
    /home/welcome/.rvm/gems/ruby-1.8.7-p302@rails222/gems/actionpack-2.2.2/lib/action_controller/dispatcher.rb:182:in `handle_request'
    /home/welcome/.rvm/gems/ruby-1.8.7-p302@rails222/gems/actionpack-2.2.2/lib/action_controller/dispatcher.rb:110:in `dispatch_unlocked'
    /home/welcome/.rvm/gems/ruby-1.8.7-p302@rails222/gems/actionpack-2.2.2/lib/action_controller/dispatcher.rb:123:in `dispatch'
    /home/welcome/.rvm/gems/ruby-1.8.7-p302@rails222/gems/actionpack-2.2.2/lib/action_controller/dispatcher.rb:122:in `synchronize'
    /home/welcome/.rvm/gems/ruby-1.8.7-p302@rails222/gems/actionpack-2.2.2/lib/action_controller/dispatcher.rb:122:in `dispatch'
    /home/welcome/.rvm/gems/ruby-1.8.7-p302@rails222/gems/actionpack-2.2.2/lib/action_controller/dispatcher.rb:132:in `dispatch_cgi'
    /home/welcome/.rvm/gems/ruby-1.8.7-p302@rails222/gems/actionpack-2.2.2/lib/action_controller/dispatcher.rb:39:in `dispatch'
    /home/welcome/.rvm/gems/ruby-1.8.7-p302@rails222/gems/rails-2.2.2/lib/webrick_server.rb:103:in `handle_dispatch'
    /home/welcome/.rvm/gems/ruby-1.8.7-p302@rails222/gems/rails-2.2.2/lib/webrick_server.rb:74:in `service'
    /home/welcome/.rvm/rubies/ruby-1.8.7-p302/lib/ruby/1.8/webrick/httpserver.rb:104:in `service'
    /home/welcome/.rvm/rubies/ruby-1.8.7-p302/lib/ruby/1.8/webrick/httpserver.rb:65:in `run'
    /home/welcome/.rvm/rubies/ruby-1.8.7-p302/lib/ruby/1.8/webrick/server.rb:173:in `start_thread'
    /home/welcome/.rvm/rubies/ruby-1.8.7-p302/lib/ruby/1.8/webrick/server.rb:162:in `start'
    /home/welcome/.rvm/rubies/ruby-1.8.7-p302/lib/ruby/1.8/webrick/server.rb:162:in `start_thread'
    /home/welcome/.rvm/rubies/ruby-1.8.7-p302/lib/ruby/1.8/webrick/server.rb:95:in `start'
    /home/welcome/.rvm/rubies/ruby-1.8.7-p302/lib/ruby/1.8/webrick/server.rb:92:in `each'
    /home/welcome/.rvm/rubies/ruby-1.8.7-p302/lib/ruby/1.8/webrick/server.rb:92:in `start'
    /home/welcome/.rvm/rubies/ruby-1.8.7-p302/lib/ruby/1.8/webrick/server.rb:23:in `start'
    /home/welcome/.rvm/rubies/ruby-1.8.7-p302/lib/ruby/1.8/webrick/server.rb:82:in `start'
    /home/welcome/.rvm/gems/ruby-1.8.7-p302@rails222/gems/rails-2.2.2/lib/webrick_server.rb:60:in `dispatch'
    /home/welcome/.rvm/gems/ruby-1.8.7-p302@rails222/gems/rails-2.2.2/lib/commands/servers/webrick.rb:66
    /home/welcome/.rvm/rubies/ruby-1.8.7-p302/lib/ruby/site_ruby/1.8/rubygems/custom_require.rb:31:in `gem_original_require'
    /home/welcome/.rvm/rubies/ruby-1.8.7-p302/lib/ruby/site_ruby/1.8/rubygems/custom_require.rb:31:in `require'
    /home/welcome/.rvm/gems/ruby-1.8.7-p302@rails222/gems/activesupport-2.2.2/lib/active_support/dependencies.rb:153:in `require'
    /home/welcome/.rvm/gems/ruby-1.8.7-p302@rails222/gems/activesupport-2.2.2/lib/active_support/dependencies.rb:521:in `new_constants_in'
    /home/welcome/.rvm/gems/ruby-1.8.7-p302@rails222/gems/activesupport-2.2.2/lib/active_support/dependencies.rb:153:in `require'
    /home/welcome/.rvm/gems/ruby-1.8.7-p302@rails222/gems/rails-2.2.2/lib/commands/server.rb:49
    /home/welcome/.rvm/rubies/ruby-1.8.7-p302/lib/ruby/site_ruby/1.8/rubygems/custom_require.rb:31:in `gem_original_require'
    /home/welcome/.rvm/rubies/ruby-1.8.7-p302/lib/ruby/site_ruby/1.8/rubygems/custom_require.rb:31:in `require'
    script/server:3

Rendering /home/welcome/.rvm/gems/ruby-1.8.7-p302@rails222/gems/actionpack-2.2.2/lib/action_controller/templates/rescues/layout.erb (not_found)


Processing UsersController#index (for 127.0.0.1 at 2010-10-26 11:12:51) [GET]
  [4;36;1mSQL (0.1ms)[0m   [0;1mSET SQL_AUTO_IS_NULL=0[0m
  [4;35;1mUser Load (0.2ms)[0m   [0mSELECT * FROM `users` ORDER BY name[0m
Rendering template within layouts/users
Rendering users/index
  [4;36;1mUser Columns (0.8ms)[0m   [0;1mSHOW FIELDS FROM `users`[0m
Completed in 18ms (View: 10, DB: 1) | 200 OK [http://localhost/users]


Processing ApplicationController#index (for 127.0.0.1 at 2010-10-26 11:12:52) [GET]


ActionController::RoutingError (No route matches "/stylesheets/depot.css" with {:method=>:get}):
    /home/welcome/.rvm/gems/ruby-1.8.7-p302@rails222/gems/actionpack-2.2.2/lib/action_controller/routing/recognition_optimisation.rb:66:in `recognize_path'
    /home/welcome/.rvm/gems/ruby-1.8.7-p302@rails222/gems/actionpack-2.2.2/lib/action_controller/routing/route_set.rb:386:in `recognize'
    /home/welcome/.rvm/gems/ruby-1.8.7-p302@rails222/gems/actionpack-2.2.2/lib/action_controller/dispatcher.rb:182:in `handle_request'
    /home/welcome/.rvm/gems/ruby-1.8.7-p302@rails222/gems/actionpack-2.2.2/lib/action_controller/dispatcher.rb:110:in `dispatch_unlocked'
    /home/welcome/.rvm/gems/ruby-1.8.7-p302@rails222/gems/actionpack-2.2.2/lib/action_controller/dispatcher.rb:123:in `dispatch'
    /home/welcome/.rvm/gems/ruby-1.8.7-p302@rails222/gems/actionpack-2.2.2/lib/action_controller/dispatcher.rb:122:in `synchronize'
    /home/welcome/.rvm/gems/ruby-1.8.7-p302@rails222/gems/actionpack-2.2.2/lib/action_controller/dispatcher.rb:122:in `dispatch'
    /home/welcome/.rvm/gems/ruby-1.8.7-p302@rails222/gems/actionpack-2.2.2/lib/action_controller/dispatcher.rb:132:in `dispatch_cgi'
    /home/welcome/.rvm/gems/ruby-1.8.7-p302@rails222/gems/actionpack-2.2.2/lib/action_controller/dispatcher.rb:39:in `dispatch'
    /home/welcome/.rvm/gems/ruby-1.8.7-p302@rails222/gems/rails-2.2.2/lib/webrick_server.rb:103:in `handle_dispatch'
    /home/welcome/.rvm/gems/ruby-1.8.7-p302@rails222/gems/rails-2.2.2/lib/webrick_server.rb:74:in `service'
    /home/welcome/.rvm/rubies/ruby-1.8.7-p302/lib/ruby/1.8/webrick/httpserver.rb:104:in `service'
    /home/welcome/.rvm/rubies/ruby-1.8.7-p302/lib/ruby/1.8/webrick/httpserver.rb:65:in `run'
    /home/welcome/.rvm/rubies/ruby-1.8.7-p302/lib/ruby/1.8/webrick/server.rb:173:in `start_thread'
    /home/welcome/.rvm/rubies/ruby-1.8.7-p302/lib/ruby/1.8/webrick/server.rb:162:in `start'
    /home/welcome/.rvm/rubies/ruby-1.8.7-p302/lib/ruby/1.8/webrick/server.rb:162:in `start_thread'
    /home/welcome/.rvm/rubies/ruby-1.8.7-p302/lib/ruby/1.8/webrick/server.rb:95:in `start'
    /home/welcome/.rvm/rubies/ruby-1.8.7-p302/lib/ruby/1.8/webrick/server.rb:92:in `each'
    /home/welcome/.rvm/rubies/ruby-1.8.7-p302/lib/ruby/1.8/webrick/server.rb:92:in `start'
    /home/welcome/.rvm/rubies/ruby-1.8.7-p302/lib/ruby/1.8/webrick/server.rb:23:in `start'
    /home/welcome/.rvm/rubies/ruby-1.8.7-p302/lib/ruby/1.8/webrick/server.rb:82:in `start'
    /home/welcome/.rvm/gems/ruby-1.8.7-p302@rails222/gems/rails-2.2.2/lib/webrick_server.rb:60:in `dispatch'
    /home/welcome/.rvm/gems/ruby-1.8.7-p302@rails222/gems/rails-2.2.2/lib/commands/servers/webrick.rb:66
    /home/welcome/.rvm/rubies/ruby-1.8.7-p302/lib/ruby/site_ruby/1.8/rubygems/custom_require.rb:31:in `gem_original_require'
    /home/welcome/.rvm/rubies/ruby-1.8.7-p302/lib/ruby/site_ruby/1.8/rubygems/custom_require.rb:31:in `require'
    /home/welcome/.rvm/gems/ruby-1.8.7-p302@rails222/gems/activesupport-2.2.2/lib/active_support/dependencies.rb:153:in `require'
    /home/welcome/.rvm/gems/ruby-1.8.7-p302@rails222/gems/activesupport-2.2.2/lib/active_support/dependencies.rb:521:in `new_constants_in'
    /home/welcome/.rvm/gems/ruby-1.8.7-p302@rails222/gems/activesupport-2.2.2/lib/active_support/dependencies.rb:153:in `require'
    /home/welcome/.rvm/gems/ruby-1.8.7-p302@rails222/gems/rails-2.2.2/lib/commands/server.rb:49
    /home/welcome/.rvm/rubies/ruby-1.8.7-p302/lib/ruby/site_ruby/1.8/rubygems/custom_require.rb:31:in `gem_original_require'
    /home/welcome/.rvm/rubies/ruby-1.8.7-p302/lib/ruby/site_ruby/1.8/rubygems/custom_require.rb:31:in `require'
    script/server:3

Rendering /home/welcome/.rvm/gems/ruby-1.8.7-p302@rails222/gems/actionpack-2.2.2/lib/action_controller/templates/rescues/layout.erb (not_found)


Processing ApplicationController#index (for 127.0.0.1 at 2010-10-26 11:15:24) [GET]


ActionController::RoutingError (No route matches "/admin" with {:method=>:get}):
    /home/welcome/.rvm/gems/ruby-1.8.7-p302@rails222/gems/actionpack-2.2.2/lib/action_controller/routing/recognition_optimisation.rb:66:in `recognize_path'
    /home/welcome/.rvm/gems/ruby-1.8.7-p302@rails222/gems/actionpack-2.2.2/lib/action_controller/routing/route_set.rb:386:in `recognize'
    /home/welcome/.rvm/gems/ruby-1.8.7-p302@rails222/gems/actionpack-2.2.2/lib/action_controller/dispatcher.rb:182:in `handle_request'
    /home/welcome/.rvm/gems/ruby-1.8.7-p302@rails222/gems/actionpack-2.2.2/lib/action_controller/dispatcher.rb:110:in `dispatch_unlocked'
    /home/welcome/.rvm/gems/ruby-1.8.7-p302@rails222/gems/actionpack-2.2.2/lib/action_controller/dispatcher.rb:123:in `dispatch'
    /home/welcome/.rvm/gems/ruby-1.8.7-p302@rails222/gems/actionpack-2.2.2/lib/action_controller/dispatcher.rb:122:in `synchronize'
    /home/welcome/.rvm/gems/ruby-1.8.7-p302@rails222/gems/actionpack-2.2.2/lib/action_controller/dispatcher.rb:122:in `dispatch'
    /home/welcome/.rvm/gems/ruby-1.8.7-p302@rails222/gems/actionpack-2.2.2/lib/action_controller/dispatcher.rb:132:in `dispatch_cgi'
    /home/welcome/.rvm/gems/ruby-1.8.7-p302@rails222/gems/actionpack-2.2.2/lib/action_controller/dispatcher.rb:39:in `dispatch'
    /home/welcome/.rvm/gems/ruby-1.8.7-p302@rails222/gems/rails-2.2.2/lib/webrick_server.rb:103:in `handle_dispatch'
    /home/welcome/.rvm/gems/ruby-1.8.7-p302@rails222/gems/rails-2.2.2/lib/webrick_server.rb:74:in `service'
    /home/welcome/.rvm/rubies/ruby-1.8.7-p302/lib/ruby/1.8/webrick/httpserver.rb:104:in `service'
    /home/welcome/.rvm/rubies/ruby-1.8.7-p302/lib/ruby/1.8/webrick/httpserver.rb:65:in `run'
    /home/welcome/.rvm/rubies/ruby-1.8.7-p302/lib/ruby/1.8/webrick/server.rb:173:in `start_thread'
    /home/welcome/.rvm/rubies/ruby-1.8.7-p302/lib/ruby/1.8/webrick/server.rb:162:in `start'
    /home/welcome/.rvm/rubies/ruby-1.8.7-p302/lib/ruby/1.8/webrick/server.rb:162:in `start_thread'
    /home/welcome/.rvm/rubies/ruby-1.8.7-p302/lib/ruby/1.8/webrick/server.rb:95:in `start'
    /home/welcome/.rvm/rubies/ruby-1.8.7-p302/lib/ruby/1.8/webrick/server.rb:92:in `each'
    /home/welcome/.rvm/rubies/ruby-1.8.7-p302/lib/ruby/1.8/webrick/server.rb:92:in `start'
    /home/welcome/.rvm/rubies/ruby-1.8.7-p302/lib/ruby/1.8/webrick/server.rb:23:in `start'
    /home/welcome/.rvm/rubies/ruby-1.8.7-p302/lib/ruby/1.8/webrick/server.rb:82:in `start'
    /home/welcome/.rvm/gems/ruby-1.8.7-p302@rails222/gems/rails-2.2.2/lib/webrick_server.rb:60:in `dispatch'
    /home/welcome/.rvm/gems/ruby-1.8.7-p302@rails222/gems/rails-2.2.2/lib/commands/servers/webrick.rb:66
    /home/welcome/.rvm/rubies/ruby-1.8.7-p302/lib/ruby/site_ruby/1.8/rubygems/custom_require.rb:31:in `gem_original_require'
    /home/welcome/.rvm/rubies/ruby-1.8.7-p302/lib/ruby/site_ruby/1.8/rubygems/custom_require.rb:31:in `require'
    /home/welcome/.rvm/gems/ruby-1.8.7-p302@rails222/gems/activesupport-2.2.2/lib/active_support/dependencies.rb:153:in `require'
    /home/welcome/.rvm/gems/ruby-1.8.7-p302@rails222/gems/activesupport-2.2.2/lib/active_support/dependencies.rb:521:in `new_constants_in'
    /home/welcome/.rvm/gems/ruby-1.8.7-p302@rails222/gems/activesupport-2.2.2/lib/active_support/dependencies.rb:153:in `require'
    /home/welcome/.rvm/gems/ruby-1.8.7-p302@rails222/gems/rails-2.2.2/lib/commands/server.rb:49
    /home/welcome/.rvm/rubies/ruby-1.8.7-p302/lib/ruby/site_ruby/1.8/rubygems/custom_require.rb:31:in `gem_original_require'
    /home/welcome/.rvm/rubies/ruby-1.8.7-p302/lib/ruby/site_ruby/1.8/rubygems/custom_require.rb:31:in `require'
    script/server:3

Rendering /home/welcome/.rvm/gems/ruby-1.8.7-p302@rails222/gems/actionpack-2.2.2/lib/action_controller/templates/rescues/layout.erb (not_found)


Processing ApplicationController#index (for 127.0.0.1 at 2010-10-26 11:15:30) [GET]


ActionController::RoutingError (No route matches "/admin/login" with {:method=>:get}):
    /home/welcome/.rvm/gems/ruby-1.8.7-p302@rails222/gems/actionpack-2.2.2/lib/action_controller/routing/recognition_optimisation.rb:66:in `recognize_path'
    /home/welcome/.rvm/gems/ruby-1.8.7-p302@rails222/gems/actionpack-2.2.2/lib/action_controller/routing/route_set.rb:386:in `recognize'
    /home/welcome/.rvm/gems/ruby-1.8.7-p302@rails222/gems/actionpack-2.2.2/lib/action_controller/dispatcher.rb:182:in `handle_request'
    /home/welcome/.rvm/gems/ruby-1.8.7-p302@rails222/gems/actionpack-2.2.2/lib/action_controller/dispatcher.rb:110:in `dispatch_unlocked'
    /home/welcome/.rvm/gems/ruby-1.8.7-p302@rails222/gems/actionpack-2.2.2/lib/action_controller/dispatcher.rb:123:in `dispatch'
    /home/welcome/.rvm/gems/ruby-1.8.7-p302@rails222/gems/actionpack-2.2.2/lib/action_controller/dispatcher.rb:122:in `synchronize'
    /home/welcome/.rvm/gems/ruby-1.8.7-p302@rails222/gems/actionpack-2.2.2/lib/action_controller/dispatcher.rb:122:in `dispatch'
    /home/welcome/.rvm/gems/ruby-1.8.7-p302@rails222/gems/actionpack-2.2.2/lib/action_controller/dispatcher.rb:132:in `dispatch_cgi'
    /home/welcome/.rvm/gems/ruby-1.8.7-p302@rails222/gems/actionpack-2.2.2/lib/action_controller/dispatcher.rb:39:in `dispatch'
    /home/welcome/.rvm/gems/ruby-1.8.7-p302@rails222/gems/rails-2.2.2/lib/webrick_server.rb:103:in `handle_dispatch'
    /home/welcome/.rvm/gems/ruby-1.8.7-p302@rails222/gems/rails-2.2.2/lib/webrick_server.rb:74:in `service'
    /home/welcome/.rvm/rubies/ruby-1.8.7-p302/lib/ruby/1.8/webrick/httpserver.rb:104:in `service'
    /home/welcome/.rvm/rubies/ruby-1.8.7-p302/lib/ruby/1.8/webrick/httpserver.rb:65:in `run'
    /home/welcome/.rvm/rubies/ruby-1.8.7-p302/lib/ruby/1.8/webrick/server.rb:173:in `start_thread'
    /home/welcome/.rvm/rubies/ruby-1.8.7-p302/lib/ruby/1.8/webrick/server.rb:162:in `start'
    /home/welcome/.rvm/rubies/ruby-1.8.7-p302/lib/ruby/1.8/webrick/server.rb:162:in `start_thread'
    /home/welcome/.rvm/rubies/ruby-1.8.7-p302/lib/ruby/1.8/webrick/server.rb:95:in `start'
    /home/welcome/.rvm/rubies/ruby-1.8.7-p302/lib/ruby/1.8/webrick/server.rb:92:in `each'
    /home/welcome/.rvm/rubies/ruby-1.8.7-p302/lib/ruby/1.8/webrick/server.rb:92:in `start'
    /home/welcome/.rvm/rubies/ruby-1.8.7-p302/lib/ruby/1.8/webrick/server.rb:23:in `start'
    /home/welcome/.rvm/rubies/ruby-1.8.7-p302/lib/ruby/1.8/webrick/server.rb:82:in `start'
    /home/welcome/.rvm/gems/ruby-1.8.7-p302@rails222/gems/rails-2.2.2/lib/webrick_server.rb:60:in `dispatch'
    /home/welcome/.rvm/gems/ruby-1.8.7-p302@rails222/gems/rails-2.2.2/lib/commands/servers/webrick.rb:66
    /home/welcome/.rvm/rubies/ruby-1.8.7-p302/lib/ruby/site_ruby/1.8/rubygems/custom_require.rb:31:in `gem_original_require'
    /home/welcome/.rvm/rubies/ruby-1.8.7-p302/lib/ruby/site_ruby/1.8/rubygems/custom_require.rb:31:in `require'
    /home/welcome/.rvm/gems/ruby-1.8.7-p302@rails222/gems/activesupport-2.2.2/lib/active_support/dependencies.rb:153:in `require'
    /home/welcome/.rvm/gems/ruby-1.8.7-p302@rails222/gems/activesupport-2.2.2/lib/active_support/dependencies.rb:521:in `new_constants_in'
    /home/welcome/.rvm/gems/ruby-1.8.7-p302@rails222/gems/activesupport-2.2.2/lib/active_support/dependencies.rb:153:in `require'
    /home/welcome/.rvm/gems/ruby-1.8.7-p302@rails222/gems/rails-2.2.2/lib/commands/server.rb:49
    /home/welcome/.rvm/rubies/ruby-1.8.7-p302/lib/ruby/site_ruby/1.8/rubygems/custom_require.rb:31:in `gem_original_require'
    /home/welcome/.rvm/rubies/ruby-1.8.7-p302/lib/ruby/site_ruby/1.8/rubygems/custom_require.rb:31:in `require'
    script/server:3

Rendering /home/welcome/.rvm/gems/ruby-1.8.7-p302@rails222/gems/actionpack-2.2.2/lib/action_controller/templates/rescues/layout.erb (not_found)


Processing ApplicationController#index (for 127.0.0.1 at 2010-10-27 09:18:25) [GET]


ActionController::RoutingError (No route matches "/admin/" with {:method=>:get}):
    /home/welcome/.rvm/gems/ruby-1.8.7-p302@rails222/gems/actionpack-2.2.2/lib/action_controller/routing/recognition_optimisation.rb:66:in `recognize_path'
    /home/welcome/.rvm/gems/ruby-1.8.7-p302@rails222/gems/actionpack-2.2.2/lib/action_controller/routing/route_set.rb:386:in `recognize'
    /home/welcome/.rvm/gems/ruby-1.8.7-p302@rails222/gems/actionpack-2.2.2/lib/action_controller/dispatcher.rb:182:in `handle_request'
    /home/welcome/.rvm/gems/ruby-1.8.7-p302@rails222/gems/actionpack-2.2.2/lib/action_controller/dispatcher.rb:110:in `dispatch_unlocked'
    /home/welcome/.rvm/gems/ruby-1.8.7-p302@rails222/gems/actionpack-2.2.2/lib/action_controller/dispatcher.rb:123:in `dispatch'
    /home/welcome/.rvm/gems/ruby-1.8.7-p302@rails222/gems/actionpack-2.2.2/lib/action_controller/dispatcher.rb:122:in `synchronize'
    /home/welcome/.rvm/gems/ruby-1.8.7-p302@rails222/gems/actionpack-2.2.2/lib/action_controller/dispatcher.rb:122:in `dispatch'
    /home/welcome/.rvm/gems/ruby-1.8.7-p302@rails222/gems/actionpack-2.2.2/lib/action_controller/dispatcher.rb:132:in `dispatch_cgi'
    /home/welcome/.rvm/gems/ruby-1.8.7-p302@rails222/gems/actionpack-2.2.2/lib/action_controller/dispatcher.rb:39:in `dispatch'
    /home/welcome/.rvm/gems/ruby-1.8.7-p302@rails222/gems/rails-2.2.2/lib/webrick_server.rb:103:in `handle_dispatch'
    /home/welcome/.rvm/gems/ruby-1.8.7-p302@rails222/gems/rails-2.2.2/lib/webrick_server.rb:74:in `service'
    /home/welcome/.rvm/rubies/ruby-1.8.7-p302/lib/ruby/1.8/webrick/httpserver.rb:104:in `service'
    /home/welcome/.rvm/rubies/ruby-1.8.7-p302/lib/ruby/1.8/webrick/httpserver.rb:65:in `run'
    /home/welcome/.rvm/rubies/ruby-1.8.7-p302/lib/ruby/1.8/webrick/server.rb:173:in `start_thread'
    /home/welcome/.rvm/rubies/ruby-1.8.7-p302/lib/ruby/1.8/webrick/server.rb:162:in `start'
    /home/welcome/.rvm/rubies/ruby-1.8.7-p302/lib/ruby/1.8/webrick/server.rb:162:in `start_thread'
    /home/welcome/.rvm/rubies/ruby-1.8.7-p302/lib/ruby/1.8/webrick/server.rb:95:in `start'
    /home/welcome/.rvm/rubies/ruby-1.8.7-p302/lib/ruby/1.8/webrick/server.rb:92:in `each'
    /home/welcome/.rvm/rubies/ruby-1.8.7-p302/lib/ruby/1.8/webrick/server.rb:92:in `start'
    /home/welcome/.rvm/rubies/ruby-1.8.7-p302/lib/ruby/1.8/webrick/server.rb:23:in `start'
    /home/welcome/.rvm/rubies/ruby-1.8.7-p302/lib/ruby/1.8/webrick/server.rb:82:in `start'
    /home/welcome/.rvm/gems/ruby-1.8.7-p302@rails222/gems/rails-2.2.2/lib/webrick_server.rb:60:in `dispatch'
    /home/welcome/.rvm/gems/ruby-1.8.7-p302@rails222/gems/rails-2.2.2/lib/commands/servers/webrick.rb:66
    /home/welcome/.rvm/rubies/ruby-1.8.7-p302/lib/ruby/site_ruby/1.8/rubygems/custom_require.rb:31:in `gem_original_require'
    /home/welcome/.rvm/rubies/ruby-1.8.7-p302/lib/ruby/site_ruby/1.8/rubygems/custom_require.rb:31:in `require'
    /home/welcome/.rvm/gems/ruby-1.8.7-p302@rails222/gems/activesupport-2.2.2/lib/active_support/dependencies.rb:153:in `require'
    /home/welcome/.rvm/gems/ruby-1.8.7-p302@rails222/gems/activesupport-2.2.2/lib/active_support/dependencies.rb:521:in `new_constants_in'
    /home/welcome/.rvm/gems/ruby-1.8.7-p302@rails222/gems/activesupport-2.2.2/lib/active_support/dependencies.rb:153:in `require'
    /home/welcome/.rvm/gems/ruby-1.8.7-p302@rails222/gems/rails-2.2.2/lib/commands/server.rb:49
    /home/welcome/.rvm/rubies/ruby-1.8.7-p302/lib/ruby/site_ruby/1.8/rubygems/custom_require.rb:31:in `gem_original_require'
    /home/welcome/.rvm/rubies/ruby-1.8.7-p302/lib/ruby/site_ruby/1.8/rubygems/custom_require.rb:31:in `require'
    script/server:3

Rendering /home/welcome/.rvm/gems/ruby-1.8.7-p302@rails222/gems/actionpack-2.2.2/lib/action_controller/templates/rescues/layout.erb (not_found)


Processing ProductsController#index (for 127.0.0.1 at 2010-10-27 09:18:29) [GET]
  [4;35;1mSQL (53.7ms)[0m   [0mSET SQL_AUTO_IS_NULL=0[0m
  [4;36;1mProduct Load (58.8ms)[0m   [0;1mSELECT * FROM `products` [0m
Rendering template within layouts/products
Rendering products/index
  [4;35;1mProduct Columns (37.5ms)[0m   [0mSHOW FIELDS FROM `products`[0m
Completed in 208ms (View: 60, DB: 150) | 200 OK [http://localhost/products/]


Processing ApplicationController#index (for 127.0.0.1 at 2010-10-27 09:18:33) [GET]


ActionController::RoutingError (No route matches "/user" with {:method=>:get}):
    /home/welcome/.rvm/gems/ruby-1.8.7-p302@rails222/gems/actionpack-2.2.2/lib/action_controller/routing/recognition_optimisation.rb:66:in `recognize_path'
    /home/welcome/.rvm/gems/ruby-1.8.7-p302@rails222/gems/actionpack-2.2.2/lib/action_controller/routing/route_set.rb:386:in `recognize'
    /home/welcome/.rvm/gems/ruby-1.8.7-p302@rails222/gems/actionpack-2.2.2/lib/action_controller/dispatcher.rb:182:in `handle_request'
    /home/welcome/.rvm/gems/ruby-1.8.7-p302@rails222/gems/actionpack-2.2.2/lib/action_controller/dispatcher.rb:110:in `dispatch_unlocked'
    /home/welcome/.rvm/gems/ruby-1.8.7-p302@rails222/gems/actionpack-2.2.2/lib/action_controller/dispatcher.rb:123:in `dispatch'
    /home/welcome/.rvm/gems/ruby-1.8.7-p302@rails222/gems/actionpack-2.2.2/lib/action_controller/dispatcher.rb:122:in `synchronize'
    /home/welcome/.rvm/gems/ruby-1.8.7-p302@rails222/gems/actionpack-2.2.2/lib/action_controller/dispatcher.rb:122:in `dispatch'
    /home/welcome/.rvm/gems/ruby-1.8.7-p302@rails222/gems/actionpack-2.2.2/lib/action_controller/dispatcher.rb:132:in `dispatch_cgi'
    /home/welcome/.rvm/gems/ruby-1.8.7-p302@rails222/gems/actionpack-2.2.2/lib/action_controller/dispatcher.rb:39:in `dispatch'
    /home/welcome/.rvm/gems/ruby-1.8.7-p302@rails222/gems/rails-2.2.2/lib/webrick_server.rb:103:in `handle_dispatch'
    /home/welcome/.rvm/gems/ruby-1.8.7-p302@rails222/gems/rails-2.2.2/lib/webrick_server.rb:74:in `service'
    /home/welcome/.rvm/rubies/ruby-1.8.7-p302/lib/ruby/1.8/webrick/httpserver.rb:104:in `service'
    /home/welcome/.rvm/rubies/ruby-1.8.7-p302/lib/ruby/1.8/webrick/httpserver.rb:65:in `run'
    /home/welcome/.rvm/rubies/ruby-1.8.7-p302/lib/ruby/1.8/webrick/server.rb:173:in `start_thread'
    /home/welcome/.rvm/rubies/ruby-1.8.7-p302/lib/ruby/1.8/webrick/server.rb:162:in `start'
    /home/welcome/.rvm/rubies/ruby-1.8.7-p302/lib/ruby/1.8/webrick/server.rb:162:in `start_thread'
    /home/welcome/.rvm/rubies/ruby-1.8.7-p302/lib/ruby/1.8/webrick/server.rb:95:in `start'
    /home/welcome/.rvm/rubies/ruby-1.8.7-p302/lib/ruby/1.8/webrick/server.rb:92:in `each'
    /home/welcome/.rvm/rubies/ruby-1.8.7-p302/lib/ruby/1.8/webrick/server.rb:92:in `start'
    /home/welcome/.rvm/rubies/ruby-1.8.7-p302/lib/ruby/1.8/webrick/server.rb:23:in `start'
    /home/welcome/.rvm/rubies/ruby-1.8.7-p302/lib/ruby/1.8/webrick/server.rb:82:in `start'
    /home/welcome/.rvm/gems/ruby-1.8.7-p302@rails222/gems/rails-2.2.2/lib/webrick_server.rb:60:in `dispatch'
    /home/welcome/.rvm/gems/ruby-1.8.7-p302@rails222/gems/rails-2.2.2/lib/commands/servers/webrick.rb:66
    /home/welcome/.rvm/rubies/ruby-1.8.7-p302/lib/ruby/site_ruby/1.8/rubygems/custom_require.rb:31:in `gem_original_require'
    /home/welcome/.rvm/rubies/ruby-1.8.7-p302/lib/ruby/site_ruby/1.8/rubygems/custom_require.rb:31:in `require'
    /home/welcome/.rvm/gems/ruby-1.8.7-p302@rails222/gems/activesupport-2.2.2/lib/active_support/dependencies.rb:153:in `require'
    /home/welcome/.rvm/gems/ruby-1.8.7-p302@rails222/gems/activesupport-2.2.2/lib/active_support/dependencies.rb:521:in `new_constants_in'
    /home/welcome/.rvm/gems/ruby-1.8.7-p302@rails222/gems/activesupport-2.2.2/lib/active_support/dependencies.rb:153:in `require'
    /home/welcome/.rvm/gems/ruby-1.8.7-p302@rails222/gems/rails-2.2.2/lib/commands/server.rb:49
    /home/welcome/.rvm/rubies/ruby-1.8.7-p302/lib/ruby/site_ruby/1.8/rubygems/custom_require.rb:31:in `gem_original_require'
    /home/welcome/.rvm/rubies/ruby-1.8.7-p302/lib/ruby/site_ruby/1.8/rubygems/custom_require.rb:31:in `require'
    script/server:3

Rendering /home/welcome/.rvm/gems/ruby-1.8.7-p302@rails222/gems/actionpack-2.2.2/lib/action_controller/templates/rescues/layout.erb (not_found)


Processing UsersController#index (for 127.0.0.1 at 2010-10-27 09:18:36) [GET]
  [4;36;1mSQL (0.1ms)[0m   [0;1mSET SQL_AUTO_IS_NULL=0[0m
  [4;35;1mUser Load (0.1ms)[0m   [0mSELECT * FROM `users` ORDER BY name[0m
Rendering template within layouts/users
Rendering users/index
  [4;36;1mUser Columns (0.8ms)[0m   [0;1mSHOW FIELDS FROM `users`[0m
Completed in 169ms (View: 7, DB: 1) | 200 OK [http://localhost/users]


Processing ApplicationController#index (for 127.0.0.1 at 2010-10-27 09:18:36) [GET]


ActionController::RoutingError (No route matches "/stylesheets/depot.css" with {:method=>:get}):
    /home/welcome/.rvm/gems/ruby-1.8.7-p302@rails222/gems/actionpack-2.2.2/lib/action_controller/routing/recognition_optimisation.rb:66:in `recognize_path'
    /home/welcome/.rvm/gems/ruby-1.8.7-p302@rails222/gems/actionpack-2.2.2/lib/action_controller/routing/route_set.rb:386:in `recognize'
    /home/welcome/.rvm/gems/ruby-1.8.7-p302@rails222/gems/actionpack-2.2.2/lib/action_controller/dispatcher.rb:182:in `handle_request'
    /home/welcome/.rvm/gems/ruby-1.8.7-p302@rails222/gems/actionpack-2.2.2/lib/action_controller/dispatcher.rb:110:in `dispatch_unlocked'
    /home/welcome/.rvm/gems/ruby-1.8.7-p302@rails222/gems/actionpack-2.2.2/lib/action_controller/dispatcher.rb:123:in `dispatch'
    /home/welcome/.rvm/gems/ruby-1.8.7-p302@rails222/gems/actionpack-2.2.2/lib/action_controller/dispatcher.rb:122:in `synchronize'
    /home/welcome/.rvm/gems/ruby-1.8.7-p302@rails222/gems/actionpack-2.2.2/lib/action_controller/dispatcher.rb:122:in `dispatch'
    /home/welcome/.rvm/gems/ruby-1.8.7-p302@rails222/gems/actionpack-2.2.2/lib/action_controller/dispatcher.rb:132:in `dispatch_cgi'
    /home/welcome/.rvm/gems/ruby-1.8.7-p302@rails222/gems/actionpack-2.2.2/lib/action_controller/dispatcher.rb:39:in `dispatch'
    /home/welcome/.rvm/gems/ruby-1.8.7-p302@rails222/gems/rails-2.2.2/lib/webrick_server.rb:103:in `handle_dispatch'
    /home/welcome/.rvm/gems/ruby-1.8.7-p302@rails222/gems/rails-2.2.2/lib/webrick_server.rb:74:in `service'
    /home/welcome/.rvm/rubies/ruby-1.8.7-p302/lib/ruby/1.8/webrick/httpserver.rb:104:in `service'
    /home/welcome/.rvm/rubies/ruby-1.8.7-p302/lib/ruby/1.8/webrick/httpserver.rb:65:in `run'
    /home/welcome/.rvm/rubies/ruby-1.8.7-p302/lib/ruby/1.8/webrick/server.rb:173:in `start_thread'
    /home/welcome/.rvm/rubies/ruby-1.8.7-p302/lib/ruby/1.8/webrick/server.rb:162:in `start'
    /home/welcome/.rvm/rubies/ruby-1.8.7-p302/lib/ruby/1.8/webrick/server.rb:162:in `start_thread'
    /home/welcome/.rvm/rubies/ruby-1.8.7-p302/lib/ruby/1.8/webrick/server.rb:95:in `start'
    /home/welcome/.rvm/rubies/ruby-1.8.7-p302/lib/ruby/1.8/webrick/server.rb:92:in `each'
    /home/welcome/.rvm/rubies/ruby-1.8.7-p302/lib/ruby/1.8/webrick/server.rb:92:in `start'
    /home/welcome/.rvm/rubies/ruby-1.8.7-p302/lib/ruby/1.8/webrick/server.rb:23:in `start'
    /home/welcome/.rvm/rubies/ruby-1.8.7-p302/lib/ruby/1.8/webrick/server.rb:82:in `start'
    /home/welcome/.rvm/gems/ruby-1.8.7-p302@rails222/gems/rails-2.2.2/lib/webrick_server.rb:60:in `dispatch'
    /home/welcome/.rvm/gems/ruby-1.8.7-p302@rails222/gems/rails-2.2.2/lib/commands/servers/webrick.rb:66
    /home/welcome/.rvm/rubies/ruby-1.8.7-p302/lib/ruby/site_ruby/1.8/rubygems/custom_require.rb:31:in `gem_original_require'
    /home/welcome/.rvm/rubies/ruby-1.8.7-p302/lib/ruby/site_ruby/1.8/rubygems/custom_require.rb:31:in `require'
    /home/welcome/.rvm/gems/ruby-1.8.7-p302@rails222/gems/activesupport-2.2.2/lib/active_support/dependencies.rb:153:in `require'
    /home/welcome/.rvm/gems/ruby-1.8.7-p302@rails222/gems/activesupport-2.2.2/lib/active_support/dependencies.rb:521:in `new_constants_in'
    /home/welcome/.rvm/gems/ruby-1.8.7-p302@rails222/gems/activesupport-2.2.2/lib/active_support/dependencies.rb:153:in `require'
    /home/welcome/.rvm/gems/ruby-1.8.7-p302@rails222/gems/rails-2.2.2/lib/commands/server.rb:49
    /home/welcome/.rvm/rubies/ruby-1.8.7-p302/lib/ruby/site_ruby/1.8/rubygems/custom_require.rb:31:in `gem_original_require'
    /home/welcome/.rvm/rubies/ruby-1.8.7-p302/lib/ruby/site_ruby/1.8/rubygems/custom_require.rb:31:in `require'
    script/server:3

Rendering /home/welcome/.rvm/gems/ruby-1.8.7-p302@rails222/gems/actionpack-2.2.2/lib/action_controller/templates/rescues/layout.erb (not_found)
